{"/Users/nick.peterson/Developer/chat-juicer/electron/renderer/adapters/DOMAdapter.js": {"path":"/Users/nick.peterson/Developer/chat-juicer/electron/renderer/adapters/DOMAdapter.js","statementMap":{"0":{"start":{"line":21,"column":4},"end":{"line":21,"column":null}},"1":{"start":{"line":30,"column":4},"end":{"line":30,"column":null}},"2":{"start":{"line":39,"column":4},"end":{"line":39,"column":null}},"3":{"start":{"line":48,"column":4},"end":{"line":48,"column":null}},"4":{"start":{"line":57,"column":4},"end":{"line":57,"column":null}},"5":{"start":{"line":67,"column":4},"end":{"line":67,"column":null}},"6":{"start":{"line":77,"column":4},"end":{"line":77,"column":null}},"7":{"start":{"line":86,"column":4},"end":{"line":86,"column":null}},"8":{"start":{"line":95,"column":4},"end":{"line":95,"column":null}},"9":{"start":{"line":104,"column":4},"end":{"line":104,"column":null}},"10":{"start":{"line":114,"column":4},"end":{"line":114,"column":null}},"11":{"start":{"line":124,"column":4},"end":{"line":124,"column":null}},"12":{"start":{"line":133,"column":4},"end":{"line":133,"column":null}},"13":{"start":{"line":142,"column":4},"end":{"line":142,"column":null}},"14":{"start":{"line":151,"column":4},"end":{"line":151,"column":null}},"15":{"start":{"line":160,"column":4},"end":{"line":160,"column":null}},"16":{"start":{"line":169,"column":4},"end":{"line":169,"column":null}},"17":{"start":{"line":178,"column":4},"end":{"line":178,"column":null}},"18":{"start":{"line":186,"column":4},"end":{"line":186,"column":null}},"19":{"start":{"line":196,"column":4},"end":{"line":196,"column":null}},"20":{"start":{"line":207,"column":4},"end":{"line":207,"column":null}},"21":{"start":{"line":218,"column":4},"end":{"line":218,"column":null}},"22":{"start":{"line":227,"column":4},"end":{"line":227,"column":null}},"23":{"start":{"line":237,"column":4},"end":{"line":237,"column":null}},"24":{"start":{"line":247,"column":4},"end":{"line":247,"column":null}},"25":{"start":{"line":256,"column":4},"end":{"line":256,"column":null}},"26":{"start":{"line":265,"column":4},"end":{"line":265,"column":null}},"27":{"start":{"line":273,"column":4},"end":{"line":273,"column":null}},"28":{"start":{"line":281,"column":4},"end":{"line":281,"column":null}},"29":{"start":{"line":289,"column":4},"end":{"line":289,"column":null}},"30":{"start":{"line":297,"column":4},"end":{"line":297,"column":null}},"31":{"start":{"line":305,"column":4},"end":{"line":305,"column":null}},"32":{"start":{"line":313,"column":4},"end":{"line":313,"column":null}},"33":{"start":{"line":322,"column":4},"end":{"line":322,"column":null}},"34":{"start":{"line":330,"column":4},"end":{"line":330,"column":null}},"35":{"start":{"line":340,"column":4},"end":{"line":340,"column":null}},"36":{"start":{"line":348,"column":4},"end":{"line":348,"column":null}},"37":{"start":{"line":358,"column":4},"end":{"line":358,"column":null}},"38":{"start":{"line":368,"column":4},"end":{"line":368,"column":null}},"39":{"start":{"line":373,"column":26},"end":{"line":373,"column":42}}},"fnMap":{"0":{"name":"(anonymous_0)","decl":{"start":{"line":20,"column":2},"end":{"line":20,"column":15}},"loc":{"start":{"line":20,"column":26},"end":{"line":22,"column":null}},"line":20},"1":{"name":"(anonymous_1)","decl":{"start":{"line":29,"column":2},"end":{"line":29,"column":18}},"loc":{"start":{"line":29,"column":29},"end":{"line":31,"column":null}},"line":29},"2":{"name":"(anonymous_2)","decl":{"start":{"line":38,"column":2},"end":{"line":38,"column":16}},"loc":{"start":{"line":38,"column":21},"end":{"line":40,"column":null}},"line":38},"3":{"name":"(anonymous_3)","decl":{"start":{"line":47,"column":2},"end":{"line":47,"column":15}},"loc":{"start":{"line":47,"column":25},"end":{"line":49,"column":null}},"line":47},"4":{"name":"(anonymous_4)","decl":{"start":{"line":56,"column":2},"end":{"line":56,"column":16}},"loc":{"start":{"line":56,"column":23},"end":{"line":58,"column":null}},"line":56},"5":{"name":"(anonymous_5)","decl":{"start":{"line":66,"column":2},"end":{"line":66,"column":14}},"loc":{"start":{"line":66,"column":37},"end":{"line":68,"column":null}},"line":66},"6":{"name":"(anonymous_6)","decl":{"start":{"line":76,"column":2},"end":{"line":76,"column":14}},"loc":{"start":{"line":76,"column":30},"end":{"line":78,"column":null}},"line":76},"7":{"name":"(anonymous_7)","decl":{"start":{"line":85,"column":2},"end":{"line":85,"column":17}},"loc":{"start":{"line":85,"column":33},"end":{"line":87,"column":null}},"line":85},"8":{"name":"(anonymous_8)","decl":{"start":{"line":94,"column":2},"end":{"line":94,"column":10}},"loc":{"start":{"line":94,"column":35},"end":{"line":96,"column":null}},"line":94},"9":{"name":"(anonymous_9)","decl":{"start":{"line":103,"column":2},"end":{"line":103,"column":13}},"loc":{"start":{"line":103,"column":34},"end":{"line":105,"column":null}},"line":103},"10":{"name":"(anonymous_10)","decl":{"start":{"line":113,"column":2},"end":{"line":113,"column":13}},"loc":{"start":{"line":113,"column":34},"end":{"line":115,"column":null}},"line":113},"11":{"name":"(anonymous_11)","decl":{"start":{"line":123,"column":2},"end":{"line":123,"column":10}},"loc":{"start":{"line":123,"column":31},"end":{"line":125,"column":null}},"line":123},"12":{"name":"(anonymous_12)","decl":{"start":{"line":132,"column":2},"end":{"line":132,"column":14}},"loc":{"start":{"line":132,"column":30},"end":{"line":134,"column":null}},"line":132},"13":{"name":"(anonymous_13)","decl":{"start":{"line":141,"column":2},"end":{"line":141,"column":14}},"loc":{"start":{"line":141,"column":24},"end":{"line":143,"column":null}},"line":141},"14":{"name":"(anonymous_14)","decl":{"start":{"line":150,"column":2},"end":{"line":150,"column":16}},"loc":{"start":{"line":150,"column":32},"end":{"line":152,"column":null}},"line":150},"15":{"name":"(anonymous_15)","decl":{"start":{"line":159,"column":2},"end":{"line":159,"column":16}},"loc":{"start":{"line":159,"column":26},"end":{"line":161,"column":null}},"line":159},"16":{"name":"(anonymous_16)","decl":{"start":{"line":168,"column":2},"end":{"line":168,"column":13}},"loc":{"start":{"line":168,"column":29},"end":{"line":170,"column":null}},"line":168},"17":{"name":"(anonymous_17)","decl":{"start":{"line":177,"column":2},"end":{"line":177,"column":13}},"loc":{"start":{"line":177,"column":29},"end":{"line":179,"column":null}},"line":177},"18":{"name":"(anonymous_18)","decl":{"start":{"line":185,"column":2},"end":{"line":185,"column":8}},"loc":{"start":{"line":185,"column":18},"end":{"line":187,"column":null}},"line":185},"19":{"name":"(anonymous_19)","decl":{"start":{"line":195,"column":2},"end":{"line":195,"column":14}},"loc":{"start":{"line":195,"column":53},"end":{"line":197,"column":null}},"line":195},"20":{"name":"(anonymous_20)","decl":{"start":{"line":206,"column":2},"end":{"line":206,"column":18}},"loc":{"start":{"line":206,"column":52},"end":{"line":208,"column":null}},"line":206},"21":{"name":"(anonymous_21)","decl":{"start":{"line":217,"column":2},"end":{"line":217,"column":21}},"loc":{"start":{"line":217,"column":55},"end":{"line":219,"column":null}},"line":217},"22":{"name":"(anonymous_22)","decl":{"start":{"line":226,"column":2},"end":{"line":226,"column":18}},"loc":{"start":{"line":226,"column":28},"end":{"line":228,"column":null}},"line":226},"23":{"name":"(anonymous_23)","decl":{"start":{"line":236,"column":2},"end":{"line":236,"column":10}},"loc":{"start":{"line":236,"column":37},"end":{"line":238,"column":null}},"line":236},"24":{"name":"(anonymous_24)","decl":{"start":{"line":246,"column":2},"end":{"line":246,"column":10}},"loc":{"start":{"line":246,"column":30},"end":{"line":248,"column":null}},"line":246},"25":{"name":"(anonymous_25)","decl":{"start":{"line":255,"column":2},"end":{"line":255,"column":23}},"loc":{"start":{"line":255,"column":33},"end":{"line":257,"column":null}},"line":255},"26":{"name":"(anonymous_26)","decl":{"start":{"line":264,"column":2},"end":{"line":264,"column":16}},"loc":{"start":{"line":264,"column":35},"end":{"line":266,"column":null}},"line":264},"27":{"name":"(anonymous_27)","decl":{"start":{"line":272,"column":2},"end":{"line":272,"column":7}},"loc":{"start":{"line":272,"column":17},"end":{"line":274,"column":null}},"line":272},"28":{"name":"(anonymous_28)","decl":{"start":{"line":280,"column":2},"end":{"line":280,"column":6}},"loc":{"start":{"line":280,"column":16},"end":{"line":282,"column":null}},"line":280},"29":{"name":"(anonymous_29)","decl":{"start":{"line":288,"column":2},"end":{"line":288,"column":9}},"loc":{"start":{"line":288,"column":12},"end":{"line":290,"column":null}},"line":288},"30":{"name":"(anonymous_30)","decl":{"start":{"line":296,"column":2},"end":{"line":296,"column":9}},"loc":{"start":{"line":296,"column":12},"end":{"line":298,"column":null}},"line":296},"31":{"name":"(anonymous_31)","decl":{"start":{"line":304,"column":2},"end":{"line":304,"column":13}},"loc":{"start":{"line":304,"column":16},"end":{"line":306,"column":null}},"line":304},"32":{"name":"(anonymous_32)","decl":{"start":{"line":312,"column":2},"end":{"line":312,"column":11}},"loc":{"start":{"line":312,"column":14},"end":{"line":314,"column":null}},"line":312},"33":{"name":"(anonymous_33)","decl":{"start":{"line":321,"column":2},"end":{"line":321,"column":23}},"loc":{"start":{"line":321,"column":34},"end":{"line":323,"column":null}},"line":321},"34":{"name":"(anonymous_34)","decl":{"start":{"line":329,"column":2},"end":{"line":329,"column":22}},"loc":{"start":{"line":329,"column":27},"end":{"line":331,"column":null}},"line":329},"35":{"name":"(anonymous_35)","decl":{"start":{"line":339,"column":2},"end":{"line":339,"column":12}},"loc":{"start":{"line":339,"column":30},"end":{"line":341,"column":null}},"line":339},"36":{"name":"(anonymous_36)","decl":{"start":{"line":347,"column":2},"end":{"line":347,"column":14}},"loc":{"start":{"line":347,"column":19},"end":{"line":349,"column":null}},"line":347},"37":{"name":"(anonymous_37)","decl":{"start":{"line":357,"column":2},"end":{"line":357,"column":9}},"loc":{"start":{"line":357,"column":29},"end":{"line":359,"column":null}},"line":357},"38":{"name":"(anonymous_38)","decl":{"start":{"line":367,"column":2},"end":{"line":367,"column":9}},"loc":{"start":{"line":367,"column":29},"end":{"line":369,"column":null}},"line":367}},"branchMap":{},"s":{"0":1,"1":1,"2":2,"3":34,"4":1,"5":2,"6":3,"7":1,"8":5,"9":1,"10":2,"11":7,"12":1,"13":1,"14":3,"15":2,"16":5,"17":1,"18":1,"19":1,"20":4,"21":1,"22":1,"23":1,"24":1,"25":1,"26":1,"27":2,"28":1,"29":7,"30":1,"31":1,"32":1,"33":1,"34":0,"35":2,"36":1,"37":3,"38":2,"39":1},"f":{"0":1,"1":1,"2":2,"3":34,"4":1,"5":2,"6":3,"7":1,"8":5,"9":1,"10":2,"11":7,"12":1,"13":1,"14":3,"15":2,"16":5,"17":1,"18":1,"19":1,"20":4,"21":1,"22":1,"23":1,"24":1,"25":1,"26":1,"27":2,"28":1,"29":7,"30":1,"31":1,"32":1,"33":1,"34":0,"35":2,"36":1,"37":3,"38":2},"b":{},"meta":{"lastBranch":0,"lastFunction":39,"lastStatement":40,"seen":{"f:20:2:20:15":0,"s:21:4:21:Infinity":0,"f:29:2:29:18":1,"s:30:4:30:Infinity":1,"f:38:2:38:16":2,"s:39:4:39:Infinity":2,"f:47:2:47:15":3,"s:48:4:48:Infinity":3,"f:56:2:56:16":4,"s:57:4:57:Infinity":4,"f:66:2:66:14":5,"s:67:4:67:Infinity":5,"f:76:2:76:14":6,"s:77:4:77:Infinity":6,"f:85:2:85:17":7,"s:86:4:86:Infinity":7,"f:94:2:94:10":8,"s:95:4:95:Infinity":8,"f:103:2:103:13":9,"s:104:4:104:Infinity":9,"f:113:2:113:13":10,"s:114:4:114:Infinity":10,"f:123:2:123:10":11,"s:124:4:124:Infinity":11,"f:132:2:132:14":12,"s:133:4:133:Infinity":12,"f:141:2:141:14":13,"s:142:4:142:Infinity":13,"f:150:2:150:16":14,"s:151:4:151:Infinity":14,"f:159:2:159:16":15,"s:160:4:160:Infinity":15,"f:168:2:168:13":16,"s:169:4:169:Infinity":16,"f:177:2:177:13":17,"s:178:4:178:Infinity":17,"f:185:2:185:8":18,"s:186:4:186:Infinity":18,"f:195:2:195:14":19,"s:196:4:196:Infinity":19,"f:206:2:206:18":20,"s:207:4:207:Infinity":20,"f:217:2:217:21":21,"s:218:4:218:Infinity":21,"f:226:2:226:18":22,"s:227:4:227:Infinity":22,"f:236:2:236:10":23,"s:237:4:237:Infinity":23,"f:246:2:246:10":24,"s:247:4:247:Infinity":24,"f:255:2:255:23":25,"s:256:4:256:Infinity":25,"f:264:2:264:16":26,"s:265:4:265:Infinity":26,"f:272:2:272:7":27,"s:273:4:273:Infinity":27,"f:280:2:280:6":28,"s:281:4:281:Infinity":28,"f:288:2:288:9":29,"s:289:4:289:Infinity":29,"f:296:2:296:9":30,"s:297:4:297:Infinity":30,"f:304:2:304:13":31,"s:305:4:305:Infinity":31,"f:312:2:312:11":32,"s:313:4:313:Infinity":32,"f:321:2:321:23":33,"s:322:4:322:Infinity":33,"f:329:2:329:22":34,"s:330:4:330:Infinity":34,"f:339:2:339:12":35,"s:340:4:340:Infinity":35,"f:347:2:347:14":36,"s:348:4:348:Infinity":36,"f:357:2:357:9":37,"s:358:4:358:Infinity":37,"f:367:2:367:9":38,"s:368:4:368:Infinity":38,"s:373:26:373:42":39}}}
,"/Users/nick.peterson/Developer/chat-juicer/electron/renderer/adapters/IPCAdapter.js": {"path":"/Users/nick.peterson/Developer/chat-juicer/electron/renderer/adapters/IPCAdapter.js","statementMap":{"0":{"start":{"line":20,"column":4},"end":{"line":22,"column":null}},"1":{"start":{"line":21,"column":6},"end":{"line":21,"column":null}},"2":{"start":{"line":23,"column":4},"end":{"line":23,"column":null}},"3":{"start":{"line":32,"column":4},"end":{"line":34,"column":null}},"4":{"start":{"line":33,"column":6},"end":{"line":33,"column":null}},"5":{"start":{"line":35,"column":4},"end":{"line":35,"column":null}},"6":{"start":{"line":43,"column":4},"end":{"line":46,"column":null}},"7":{"start":{"line":44,"column":6},"end":{"line":44,"column":null}},"8":{"start":{"line":45,"column":6},"end":{"line":45,"column":null}},"9":{"start":{"line":47,"column":4},"end":{"line":47,"column":null}},"10":{"start":{"line":55,"column":4},"end":{"line":58,"column":null}},"11":{"start":{"line":56,"column":6},"end":{"line":56,"column":null}},"12":{"start":{"line":57,"column":6},"end":{"line":57,"column":null}},"13":{"start":{"line":59,"column":4},"end":{"line":59,"column":null}},"14":{"start":{"line":68,"column":4},"end":{"line":71,"column":null}},"15":{"start":{"line":69,"column":6},"end":{"line":69,"column":null}},"16":{"start":{"line":70,"column":6},"end":{"line":70,"column":null}},"17":{"start":{"line":72,"column":4},"end":{"line":72,"column":null}},"18":{"start":{"line":80,"column":4},"end":{"line":83,"column":null}},"19":{"start":{"line":81,"column":6},"end":{"line":81,"column":null}},"20":{"start":{"line":82,"column":6},"end":{"line":82,"column":null}},"21":{"start":{"line":84,"column":4},"end":{"line":84,"column":null}},"22":{"start":{"line":94,"column":4},"end":{"line":96,"column":null}},"23":{"start":{"line":95,"column":6},"end":{"line":95,"column":null}},"24":{"start":{"line":97,"column":4},"end":{"line":97,"column":null}},"25":{"start":{"line":109,"column":4},"end":{"line":111,"column":null}},"26":{"start":{"line":110,"column":6},"end":{"line":110,"column":null}},"27":{"start":{"line":114,"column":4},"end":{"line":119,"column":null}},"28":{"start":{"line":129,"column":4},"end":{"line":131,"column":null}},"29":{"start":{"line":130,"column":6},"end":{"line":130,"column":null}},"30":{"start":{"line":132,"column":4},"end":{"line":132,"column":null}},"31":{"start":{"line":142,"column":4},"end":{"line":144,"column":null}},"32":{"start":{"line":143,"column":6},"end":{"line":143,"column":null}},"33":{"start":{"line":145,"column":4},"end":{"line":145,"column":null}},"34":{"start":{"line":154,"column":4},"end":{"line":154,"column":null}},"35":{"start":{"line":155,"column":4},"end":{"line":155,"column":null}},"36":{"start":{"line":163,"column":4},"end":{"line":163,"column":null}},"37":{"start":{"line":164,"column":4},"end":{"line":164,"column":null}},"38":{"start":{"line":172,"column":4},"end":{"line":175,"column":null}},"39":{"start":{"line":173,"column":6},"end":{"line":173,"column":null}},"40":{"start":{"line":174,"column":6},"end":{"line":174,"column":null}},"41":{"start":{"line":176,"column":4},"end":{"line":176,"column":null}},"42":{"start":{"line":184,"column":4},"end":{"line":187,"column":null}},"43":{"start":{"line":185,"column":6},"end":{"line":185,"column":null}},"44":{"start":{"line":186,"column":6},"end":{"line":186,"column":null}},"45":{"start":{"line":188,"column":4},"end":{"line":188,"column":null}},"46":{"start":{"line":196,"column":4},"end":{"line":199,"column":null}},"47":{"start":{"line":197,"column":6},"end":{"line":197,"column":null}},"48":{"start":{"line":198,"column":6},"end":{"line":198,"column":null}},"49":{"start":{"line":200,"column":4},"end":{"line":200,"column":null}},"50":{"start":{"line":211,"column":4},"end":{"line":211,"column":null}},"51":{"start":{"line":212,"column":4},"end":{"line":212,"column":null}},"52":{"start":{"line":223,"column":4},"end":{"line":223,"column":null}},"53":{"start":{"line":224,"column":4},"end":{"line":224,"column":null}},"54":{"start":{"line":236,"column":4},"end":{"line":238,"column":null}},"55":{"start":{"line":237,"column":6},"end":{"line":237,"column":null}},"56":{"start":{"line":239,"column":4},"end":{"line":239,"column":null}},"57":{"start":{"line":240,"column":4},"end":{"line":240,"column":null}},"58":{"start":{"line":250,"column":4},"end":{"line":250,"column":null}},"59":{"start":{"line":252,"column":4},"end":{"line":252,"column":null}},"60":{"start":{"line":262,"column":4},"end":{"line":265,"column":null}},"61":{"start":{"line":263,"column":6},"end":{"line":263,"column":null}},"62":{"start":{"line":264,"column":6},"end":{"line":264,"column":null}},"63":{"start":{"line":266,"column":4},"end":{"line":266,"column":null}},"64":{"start":{"line":274,"column":4},"end":{"line":274,"column":null}},"65":{"start":{"line":282,"column":4},"end":{"line":282,"column":null}},"66":{"start":{"line":287,"column":26},"end":{"line":287,"column":42}}},"fnMap":{"0":{"name":"(anonymous_0)","decl":{"start":{"line":19,"column":2},"end":{"line":19,"column":13}},"loc":{"start":{"line":19,"column":52},"end":{"line":24,"column":null}},"line":19},"1":{"name":"(anonymous_1)","decl":{"start":{"line":31,"column":8},"end":{"line":31,"column":19}},"loc":{"start":{"line":31,"column":29},"end":{"line":36,"column":null}},"line":31},"2":{"name":"(anonymous_2)","decl":{"start":{"line":42,"column":8},"end":{"line":42,"column":22}},"loc":{"start":{"line":42,"column":25},"end":{"line":48,"column":null}},"line":42},"3":{"name":"(anonymous_3)","decl":{"start":{"line":54,"column":8},"end":{"line":54,"column":18}},"loc":{"start":{"line":54,"column":21},"end":{"line":60,"column":null}},"line":54},"4":{"name":"(anonymous_4)","decl":{"start":{"line":67,"column":8},"end":{"line":67,"column":23}},"loc":{"start":{"line":67,"column":29},"end":{"line":73,"column":null}},"line":67},"5":{"name":"(anonymous_5)","decl":{"start":{"line":79,"column":8},"end":{"line":79,"column":19}},"loc":{"start":{"line":79,"column":22},"end":{"line":85,"column":null}},"line":79},"6":{"name":"(anonymous_6)","decl":{"start":{"line":93,"column":8},"end":{"line":93,"column":26}},"loc":{"start":{"line":93,"column":47},"end":{"line":98,"column":null}},"line":93},"7":{"name":"(anonymous_7)","decl":{"start":{"line":108,"column":8},"end":{"line":108,"column":18}},"loc":{"start":{"line":108,"column":60},"end":{"line":120,"column":null}},"line":108},"8":{"name":"(anonymous_8)","decl":{"start":{"line":128,"column":8},"end":{"line":128,"column":18}},"loc":{"start":{"line":128,"column":38},"end":{"line":133,"column":null}},"line":128},"9":{"name":"(anonymous_9)","decl":{"start":{"line":141,"column":8},"end":{"line":141,"column":16}},"loc":{"start":{"line":141,"column":36},"end":{"line":146,"column":null}},"line":141},"10":{"name":"(anonymous_10)","decl":{"start":{"line":153,"column":8},"end":{"line":153,"column":24}},"loc":{"start":{"line":153,"column":35},"end":{"line":156,"column":null}},"line":153},"11":{"name":"(anonymous_11)","decl":{"start":{"line":162,"column":8},"end":{"line":162,"column":18}},"loc":{"start":{"line":162,"column":21},"end":{"line":165,"column":null}},"line":162},"12":{"name":"(anonymous_12)","decl":{"start":{"line":171,"column":2},"end":{"line":171,"column":16}},"loc":{"start":{"line":171,"column":27},"end":{"line":177,"column":null}},"line":171},"13":{"name":"(anonymous_13)","decl":{"start":{"line":183,"column":2},"end":{"line":183,"column":16}},"loc":{"start":{"line":183,"column":27},"end":{"line":189,"column":null}},"line":183},"14":{"name":"(anonymous_14)","decl":{"start":{"line":195,"column":2},"end":{"line":195,"column":14}},"loc":{"start":{"line":195,"column":25},"end":{"line":201,"column":null}},"line":195},"15":{"name":"(anonymous_15)","decl":{"start":{"line":210,"column":8},"end":{"line":210,"column":22}},"loc":{"start":{"line":210,"column":38},"end":{"line":213,"column":null}},"line":210},"16":{"name":"(anonymous_16)","decl":{"start":{"line":222,"column":8},"end":{"line":222,"column":22}},"loc":{"start":{"line":222,"column":38},"end":{"line":225,"column":null}},"line":222},"17":{"name":"(anonymous_17)","decl":{"start":{"line":234,"column":8},"end":{"line":234,"column":14}},"loc":{"start":{"line":234,"column":30},"end":{"line":241,"column":null}},"line":234},"18":{"name":"(anonymous_18)","decl":{"start":{"line":249,"column":8},"end":{"line":249,"column":12}},"loc":{"start":{"line":249,"column":28},"end":{"line":253,"column":null}},"line":249},"19":{"name":"(anonymous_19)","decl":{"start":{"line":261,"column":2},"end":{"line":261,"column":5}},"loc":{"start":{"line":261,"column":28},"end":{"line":267,"column":null}},"line":261},"20":{"name":"(anonymous_20)","decl":{"start":{"line":273,"column":2},"end":{"line":273,"column":13}},"loc":{"start":{"line":273,"column":16},"end":{"line":275,"column":null}},"line":273},"21":{"name":"(anonymous_21)","decl":{"start":{"line":281,"column":2},"end":{"line":281,"column":11}},"loc":{"start":{"line":281,"column":14},"end":{"line":283,"column":null}},"line":281}},"branchMap":{"0":{"loc":{"start":{"line":19,"column":14},"end":{"line":19,"column":50}},"type":"default-arg","locations":[{"start":{"line":19,"column":20},"end":{"line":19,"column":50}}],"line":19},"1":{"loc":{"start":{"line":20,"column":4},"end":{"line":22,"column":null}},"type":"if","locations":[{"start":{"line":20,"column":4},"end":{"line":22,"column":null}},{"start":{},"end":{}}],"line":20},"2":{"loc":{"start":{"line":32,"column":4},"end":{"line":34,"column":null}},"type":"if","locations":[{"start":{"line":32,"column":4},"end":{"line":34,"column":null}},{"start":{},"end":{}}],"line":32},"3":{"loc":{"start":{"line":43,"column":4},"end":{"line":46,"column":null}},"type":"if","locations":[{"start":{"line":43,"column":4},"end":{"line":46,"column":null}},{"start":{},"end":{}}],"line":43},"4":{"loc":{"start":{"line":55,"column":4},"end":{"line":58,"column":null}},"type":"if","locations":[{"start":{"line":55,"column":4},"end":{"line":58,"column":null}},{"start":{},"end":{}}],"line":55},"5":{"loc":{"start":{"line":68,"column":4},"end":{"line":71,"column":null}},"type":"if","locations":[{"start":{"line":68,"column":4},"end":{"line":71,"column":null}},{"start":{},"end":{}}],"line":68},"6":{"loc":{"start":{"line":80,"column":4},"end":{"line":83,"column":null}},"type":"if","locations":[{"start":{"line":80,"column":4},"end":{"line":83,"column":null}},{"start":{},"end":{}}],"line":80},"7":{"loc":{"start":{"line":93,"column":36},"end":{"line":93,"column":45}},"type":"default-arg","locations":[{"start":{"line":93,"column":43},"end":{"line":93,"column":45}}],"line":93},"8":{"loc":{"start":{"line":94,"column":4},"end":{"line":96,"column":null}},"type":"if","locations":[{"start":{"line":94,"column":4},"end":{"line":96,"column":null}},{"start":{},"end":{}}],"line":94},"9":{"loc":{"start":{"line":109,"column":4},"end":{"line":111,"column":null}},"type":"if","locations":[{"start":{"line":109,"column":4},"end":{"line":111,"column":null}},{"start":{},"end":{}}],"line":109},"10":{"loc":{"start":{"line":129,"column":4},"end":{"line":131,"column":null}},"type":"if","locations":[{"start":{"line":129,"column":4},"end":{"line":131,"column":null}},{"start":{},"end":{}}],"line":129},"11":{"loc":{"start":{"line":142,"column":4},"end":{"line":144,"column":null}},"type":"if","locations":[{"start":{"line":142,"column":4},"end":{"line":144,"column":null}},{"start":{},"end":{}}],"line":142},"12":{"loc":{"start":{"line":172,"column":4},"end":{"line":175,"column":null}},"type":"if","locations":[{"start":{"line":172,"column":4},"end":{"line":175,"column":null}},{"start":{},"end":{}}],"line":172},"13":{"loc":{"start":{"line":184,"column":4},"end":{"line":187,"column":null}},"type":"if","locations":[{"start":{"line":184,"column":4},"end":{"line":187,"column":null}},{"start":{},"end":{}}],"line":184},"14":{"loc":{"start":{"line":196,"column":4},"end":{"line":199,"column":null}},"type":"if","locations":[{"start":{"line":196,"column":4},"end":{"line":199,"column":null}},{"start":{},"end":{}}],"line":196},"15":{"loc":{"start":{"line":210,"column":23},"end":{"line":210,"column":36}},"type":"default-arg","locations":[{"start":{"line":210,"column":34},"end":{"line":210,"column":36}}],"line":210},"16":{"loc":{"start":{"line":222,"column":23},"end":{"line":222,"column":36}},"type":"default-arg","locations":[{"start":{"line":222,"column":34},"end":{"line":222,"column":36}}],"line":222},"17":{"loc":{"start":{"line":236,"column":4},"end":{"line":238,"column":null}},"type":"if","locations":[{"start":{"line":236,"column":4},"end":{"line":238,"column":null}},{"start":{},"end":{}}],"line":236},"18":{"loc":{"start":{"line":262,"column":4},"end":{"line":265,"column":null}},"type":"if","locations":[{"start":{"line":262,"column":4},"end":{"line":265,"column":null}},{"start":{},"end":{}}],"line":262}},"s":{"0":56,"1":4,"2":56,"3":3,"4":1,"5":2,"6":2,"7":1,"8":1,"9":1,"10":2,"11":1,"12":1,"13":1,"14":2,"15":1,"16":1,"17":1,"18":2,"19":1,"20":1,"21":1,"22":3,"23":1,"24":2,"25":2,"26":1,"27":1,"28":2,"29":1,"30":1,"31":2,"32":1,"33":1,"34":2,"35":2,"36":3,"37":3,"38":2,"39":1,"40":1,"41":1,"42":2,"43":1,"44":1,"45":1,"46":2,"47":1,"48":1,"49":1,"50":3,"51":3,"52":2,"53":2,"54":2,"55":1,"56":1,"57":1,"58":1,"59":1,"60":2,"61":1,"62":1,"63":1,"64":4,"65":2,"66":1},"f":{"0":56,"1":3,"2":2,"3":2,"4":2,"5":2,"6":3,"7":2,"8":2,"9":2,"10":2,"11":3,"12":2,"13":2,"14":2,"15":3,"16":2,"17":2,"18":1,"19":2,"20":4,"21":2},"b":{"0":[56],"1":[4,52],"2":[1,2],"3":[1,1],"4":[1,1],"5":[1,1],"6":[1,1],"7":[3],"8":[1,2],"9":[1,1],"10":[1,1],"11":[1,1],"12":[1,1],"13":[1,1],"14":[1,1],"15":[3],"16":[2],"17":[1,1],"18":[1,1]},"meta":{"lastBranch":19,"lastFunction":22,"lastStatement":67,"seen":{"f:19:2:19:13":0,"b:19:20:19:50":0,"b:20:4:22:Infinity:undefined:undefined:undefined:undefined":1,"s:20:4:22:Infinity":0,"s:21:6:21:Infinity":1,"s:23:4:23:Infinity":2,"f:31:8:31:19":1,"b:32:4:34:Infinity:undefined:undefined:undefined:undefined":2,"s:32:4:34:Infinity":3,"s:33:6:33:Infinity":4,"s:35:4:35:Infinity":5,"f:42:8:42:22":2,"b:43:4:46:Infinity:undefined:undefined:undefined:undefined":3,"s:43:4:46:Infinity":6,"s:44:6:44:Infinity":7,"s:45:6:45:Infinity":8,"s:47:4:47:Infinity":9,"f:54:8:54:18":3,"b:55:4:58:Infinity:undefined:undefined:undefined:undefined":4,"s:55:4:58:Infinity":10,"s:56:6:56:Infinity":11,"s:57:6:57:Infinity":12,"s:59:4:59:Infinity":13,"f:67:8:67:23":4,"b:68:4:71:Infinity:undefined:undefined:undefined:undefined":5,"s:68:4:71:Infinity":14,"s:69:6:69:Infinity":15,"s:70:6:70:Infinity":16,"s:72:4:72:Infinity":17,"f:79:8:79:19":5,"b:80:4:83:Infinity:undefined:undefined:undefined:undefined":6,"s:80:4:83:Infinity":18,"s:81:6:81:Infinity":19,"s:82:6:82:Infinity":20,"s:84:4:84:Infinity":21,"f:93:8:93:26":6,"b:93:43:93:45":7,"b:94:4:96:Infinity:undefined:undefined:undefined:undefined":8,"s:94:4:96:Infinity":22,"s:95:6:95:Infinity":23,"s:97:4:97:Infinity":24,"f:108:8:108:18":7,"b:109:4:111:Infinity:undefined:undefined:undefined:undefined":9,"s:109:4:111:Infinity":25,"s:110:6:110:Infinity":26,"s:114:4:119:Infinity":27,"f:128:8:128:18":8,"b:129:4:131:Infinity:undefined:undefined:undefined:undefined":10,"s:129:4:131:Infinity":28,"s:130:6:130:Infinity":29,"s:132:4:132:Infinity":30,"f:141:8:141:16":9,"b:142:4:144:Infinity:undefined:undefined:undefined:undefined":11,"s:142:4:144:Infinity":31,"s:143:6:143:Infinity":32,"s:145:4:145:Infinity":33,"f:153:8:153:24":10,"s:154:4:154:Infinity":34,"s:155:4:155:Infinity":35,"f:162:8:162:18":11,"s:163:4:163:Infinity":36,"s:164:4:164:Infinity":37,"f:171:2:171:16":12,"b:172:4:175:Infinity:undefined:undefined:undefined:undefined":12,"s:172:4:175:Infinity":38,"s:173:6:173:Infinity":39,"s:174:6:174:Infinity":40,"s:176:4:176:Infinity":41,"f:183:2:183:16":13,"b:184:4:187:Infinity:undefined:undefined:undefined:undefined":13,"s:184:4:187:Infinity":42,"s:185:6:185:Infinity":43,"s:186:6:186:Infinity":44,"s:188:4:188:Infinity":45,"f:195:2:195:14":14,"b:196:4:199:Infinity:undefined:undefined:undefined:undefined":14,"s:196:4:199:Infinity":46,"s:197:6:197:Infinity":47,"s:198:6:198:Infinity":48,"s:200:4:200:Infinity":49,"f:210:8:210:22":15,"b:210:34:210:36":15,"s:211:4:211:Infinity":50,"s:212:4:212:Infinity":51,"f:222:8:222:22":16,"b:222:34:222:36":16,"s:223:4:223:Infinity":52,"s:224:4:224:Infinity":53,"f:234:8:234:14":17,"b:236:4:238:Infinity:undefined:undefined:undefined:undefined":17,"s:236:4:238:Infinity":54,"s:237:6:237:Infinity":55,"s:239:4:239:Infinity":56,"s:240:4:240:Infinity":57,"f:249:8:249:12":18,"s:250:4:250:Infinity":58,"s:252:4:252:Infinity":59,"f:261:2:261:5":19,"b:262:4:265:Infinity:undefined:undefined:undefined:undefined":18,"s:262:4:265:Infinity":60,"s:263:6:263:Infinity":61,"s:264:6:264:Infinity":62,"s:266:4:266:Infinity":63,"f:273:2:273:13":20,"s:274:4:274:Infinity":64,"f:281:2:281:11":21,"s:282:4:282:Infinity":65,"s:287:26:287:42":66}}}
,"/Users/nick.peterson/Developer/chat-juicer/electron/renderer/adapters/StorageAdapter.js": {"path":"/Users/nick.peterson/Developer/chat-juicer/electron/renderer/adapters/StorageAdapter.js","statementMap":{"0":{"start":{"line":21,"column":4},"end":{"line":23,"column":null}},"1":{"start":{"line":22,"column":6},"end":{"line":22,"column":null}},"2":{"start":{"line":24,"column":4},"end":{"line":26,"column":null}},"3":{"start":{"line":25,"column":6},"end":{"line":25,"column":null}},"4":{"start":{"line":27,"column":4},"end":{"line":27,"column":null}},"5":{"start":{"line":28,"column":4},"end":{"line":28,"column":null}},"6":{"start":{"line":41,"column":4},"end":{"line":43,"column":null}},"7":{"start":{"line":42,"column":6},"end":{"line":42,"column":null}},"8":{"start":{"line":44,"column":4},"end":{"line":44,"column":null}},"9":{"start":{"line":53,"column":4},"end":{"line":55,"column":null}},"10":{"start":{"line":54,"column":6},"end":{"line":54,"column":null}},"11":{"start":{"line":56,"column":4},"end":{"line":56,"column":null}},"12":{"start":{"line":64,"column":4},"end":{"line":66,"column":null}},"13":{"start":{"line":65,"column":6},"end":{"line":65,"column":null}},"14":{"start":{"line":67,"column":4},"end":{"line":67,"column":null}},"15":{"start":{"line":74,"column":4},"end":{"line":76,"column":null}},"16":{"start":{"line":75,"column":6},"end":{"line":75,"column":null}},"17":{"start":{"line":77,"column":4},"end":{"line":77,"column":null}},"18":{"start":{"line":85,"column":4},"end":{"line":87,"column":null}},"19":{"start":{"line":86,"column":6},"end":{"line":86,"column":null}},"20":{"start":{"line":88,"column":4},"end":{"line":88,"column":null}},"21":{"start":{"line":97,"column":4},"end":{"line":99,"column":null}},"22":{"start":{"line":98,"column":6},"end":{"line":98,"column":null}},"23":{"start":{"line":100,"column":4},"end":{"line":100,"column":null}},"24":{"start":{"line":113,"column":4},"end":{"line":115,"column":null}},"25":{"start":{"line":114,"column":6},"end":{"line":114,"column":null}},"26":{"start":{"line":116,"column":4},"end":{"line":116,"column":null}},"27":{"start":{"line":125,"column":4},"end":{"line":127,"column":null}},"28":{"start":{"line":126,"column":6},"end":{"line":126,"column":null}},"29":{"start":{"line":128,"column":4},"end":{"line":128,"column":null}},"30":{"start":{"line":136,"column":4},"end":{"line":138,"column":null}},"31":{"start":{"line":137,"column":6},"end":{"line":137,"column":null}},"32":{"start":{"line":139,"column":4},"end":{"line":139,"column":null}},"33":{"start":{"line":146,"column":4},"end":{"line":148,"column":null}},"34":{"start":{"line":147,"column":6},"end":{"line":147,"column":null}},"35":{"start":{"line":149,"column":4},"end":{"line":149,"column":null}},"36":{"start":{"line":157,"column":4},"end":{"line":159,"column":null}},"37":{"start":{"line":158,"column":6},"end":{"line":158,"column":null}},"38":{"start":{"line":160,"column":4},"end":{"line":160,"column":null}},"39":{"start":{"line":169,"column":4},"end":{"line":171,"column":null}},"40":{"start":{"line":170,"column":6},"end":{"line":170,"column":null}},"41":{"start":{"line":172,"column":4},"end":{"line":172,"column":null}},"42":{"start":{"line":185,"column":4},"end":{"line":185,"column":null}},"43":{"start":{"line":195,"column":4},"end":{"line":201,"column":null}},"44":{"start":{"line":196,"column":20},"end":{"line":196,"column":38}},"45":{"start":{"line":197,"column":6},"end":{"line":197,"column":null}},"46":{"start":{"line":199,"column":6},"end":{"line":199,"column":null}},"47":{"start":{"line":200,"column":6},"end":{"line":200,"column":null}},"48":{"start":{"line":210,"column":4},"end":{"line":210,"column":null}},"49":{"start":{"line":220,"column":4},"end":{"line":226,"column":null}},"50":{"start":{"line":221,"column":20},"end":{"line":221,"column":40}},"51":{"start":{"line":222,"column":6},"end":{"line":222,"column":null}},"52":{"start":{"line":224,"column":6},"end":{"line":224,"column":null}},"53":{"start":{"line":225,"column":6},"end":{"line":225,"column":null}},"54":{"start":{"line":238,"column":4},"end":{"line":238,"column":null}},"55":{"start":{"line":246,"column":4},"end":{"line":246,"column":null}},"56":{"start":{"line":254,"column":4},"end":{"line":254,"column":null}},"57":{"start":{"line":259,"column":30},"end":{"line":259,"column":50}}},"fnMap":{"0":{"name":"(anonymous_0)","decl":{"start":{"line":20,"column":2},"end":{"line":20,"column":13}},"loc":{"start":{"line":20,"column":114},"end":{"line":29,"column":null}},"line":20},"1":{"name":"(anonymous_1)","decl":{"start":{"line":40,"column":2},"end":{"line":40,"column":10}},"loc":{"start":{"line":40,"column":23},"end":{"line":45,"column":null}},"line":40},"2":{"name":"(anonymous_2)","decl":{"start":{"line":52,"column":2},"end":{"line":52,"column":10}},"loc":{"start":{"line":52,"column":16},"end":{"line":57,"column":null}},"line":52},"3":{"name":"(anonymous_3)","decl":{"start":{"line":63,"column":2},"end":{"line":63,"column":13}},"loc":{"start":{"line":63,"column":19},"end":{"line":68,"column":null}},"line":63},"4":{"name":"(anonymous_4)","decl":{"start":{"line":73,"column":2},"end":{"line":73,"column":12}},"loc":{"start":{"line":73,"column":15},"end":{"line":78,"column":null}},"line":73},"5":{"name":"(anonymous_5)","decl":{"start":{"line":84,"column":2},"end":{"line":84,"column":16}},"loc":{"start":{"line":84,"column":19},"end":{"line":89,"column":null}},"line":84},"6":{"name":"(anonymous_6)","decl":{"start":{"line":96,"column":2},"end":{"line":96,"column":13}},"loc":{"start":{"line":96,"column":21},"end":{"line":101,"column":null}},"line":96},"7":{"name":"(anonymous_7)","decl":{"start":{"line":112,"column":2},"end":{"line":112,"column":12}},"loc":{"start":{"line":112,"column":25},"end":{"line":117,"column":null}},"line":112},"8":{"name":"(anonymous_8)","decl":{"start":{"line":124,"column":2},"end":{"line":124,"column":12}},"loc":{"start":{"line":124,"column":18},"end":{"line":129,"column":null}},"line":124},"9":{"name":"(anonymous_9)","decl":{"start":{"line":135,"column":2},"end":{"line":135,"column":15}},"loc":{"start":{"line":135,"column":21},"end":{"line":140,"column":null}},"line":135},"10":{"name":"(anonymous_10)","decl":{"start":{"line":145,"column":2},"end":{"line":145,"column":14}},"loc":{"start":{"line":145,"column":17},"end":{"line":150,"column":null}},"line":145},"11":{"name":"(anonymous_11)","decl":{"start":{"line":156,"column":2},"end":{"line":156,"column":18}},"loc":{"start":{"line":156,"column":21},"end":{"line":161,"column":null}},"line":156},"12":{"name":"(anonymous_12)","decl":{"start":{"line":168,"column":2},"end":{"line":168,"column":15}},"loc":{"start":{"line":168,"column":23},"end":{"line":173,"column":null}},"line":168},"13":{"name":"(anonymous_13)","decl":{"start":{"line":184,"column":2},"end":{"line":184,"column":14}},"loc":{"start":{"line":184,"column":27},"end":{"line":186,"column":null}},"line":184},"14":{"name":"(anonymous_14)","decl":{"start":{"line":194,"column":2},"end":{"line":194,"column":14}},"loc":{"start":{"line":194,"column":41},"end":{"line":202,"column":null}},"line":194},"15":{"name":"(anonymous_15)","decl":{"start":{"line":209,"column":2},"end":{"line":209,"column":16}},"loc":{"start":{"line":209,"column":29},"end":{"line":211,"column":null}},"line":209},"16":{"name":"(anonymous_16)","decl":{"start":{"line":219,"column":2},"end":{"line":219,"column":16}},"loc":{"start":{"line":219,"column":43},"end":{"line":227,"column":null}},"line":219},"17":{"name":"(anonymous_17)","decl":{"start":{"line":237,"column":2},"end":{"line":237,"column":25}},"loc":{"start":{"line":237,"column":28},"end":{"line":239,"column":null}},"line":237},"18":{"name":"(anonymous_18)","decl":{"start":{"line":245,"column":2},"end":{"line":245,"column":27}},"loc":{"start":{"line":245,"column":30},"end":{"line":247,"column":null}},"line":245},"19":{"name":"(anonymous_19)","decl":{"start":{"line":253,"column":2},"end":{"line":253,"column":13}},"loc":{"start":{"line":253,"column":16},"end":{"line":255,"column":null}},"line":253}},"branchMap":{"0":{"loc":{"start":{"line":20,"column":14},"end":{"line":20,"column":60}},"type":"default-arg","locations":[{"start":{"line":20,"column":29},"end":{"line":20,"column":60}}],"line":20},"1":{"loc":{"start":{"line":20,"column":62},"end":{"line":20,"column":112}},"type":"default-arg","locations":[{"start":{"line":20,"column":79},"end":{"line":20,"column":112}}],"line":20},"2":{"loc":{"start":{"line":21,"column":4},"end":{"line":23,"column":null}},"type":"if","locations":[{"start":{"line":21,"column":4},"end":{"line":23,"column":null}},{"start":{},"end":{}}],"line":21},"3":{"loc":{"start":{"line":24,"column":4},"end":{"line":26,"column":null}},"type":"if","locations":[{"start":{"line":24,"column":4},"end":{"line":26,"column":null}},{"start":{},"end":{}}],"line":24},"4":{"loc":{"start":{"line":41,"column":4},"end":{"line":43,"column":null}},"type":"if","locations":[{"start":{"line":41,"column":4},"end":{"line":43,"column":null}},{"start":{},"end":{}}],"line":41},"5":{"loc":{"start":{"line":53,"column":4},"end":{"line":55,"column":null}},"type":"if","locations":[{"start":{"line":53,"column":4},"end":{"line":55,"column":null}},{"start":{},"end":{}}],"line":53},"6":{"loc":{"start":{"line":64,"column":4},"end":{"line":66,"column":null}},"type":"if","locations":[{"start":{"line":64,"column":4},"end":{"line":66,"column":null}},{"start":{},"end":{}}],"line":64},"7":{"loc":{"start":{"line":74,"column":4},"end":{"line":76,"column":null}},"type":"if","locations":[{"start":{"line":74,"column":4},"end":{"line":76,"column":null}},{"start":{},"end":{}}],"line":74},"8":{"loc":{"start":{"line":85,"column":4},"end":{"line":87,"column":null}},"type":"if","locations":[{"start":{"line":85,"column":4},"end":{"line":87,"column":null}},{"start":{},"end":{}}],"line":85},"9":{"loc":{"start":{"line":97,"column":4},"end":{"line":99,"column":null}},"type":"if","locations":[{"start":{"line":97,"column":4},"end":{"line":99,"column":null}},{"start":{},"end":{}}],"line":97},"10":{"loc":{"start":{"line":113,"column":4},"end":{"line":115,"column":null}},"type":"if","locations":[{"start":{"line":113,"column":4},"end":{"line":115,"column":null}},{"start":{},"end":{}}],"line":113},"11":{"loc":{"start":{"line":125,"column":4},"end":{"line":127,"column":null}},"type":"if","locations":[{"start":{"line":125,"column":4},"end":{"line":127,"column":null}},{"start":{},"end":{}}],"line":125},"12":{"loc":{"start":{"line":136,"column":4},"end":{"line":138,"column":null}},"type":"if","locations":[{"start":{"line":136,"column":4},"end":{"line":138,"column":null}},{"start":{},"end":{}}],"line":136},"13":{"loc":{"start":{"line":146,"column":4},"end":{"line":148,"column":null}},"type":"if","locations":[{"start":{"line":146,"column":4},"end":{"line":148,"column":null}},{"start":{},"end":{}}],"line":146},"14":{"loc":{"start":{"line":157,"column":4},"end":{"line":159,"column":null}},"type":"if","locations":[{"start":{"line":157,"column":4},"end":{"line":159,"column":null}},{"start":{},"end":{}}],"line":157},"15":{"loc":{"start":{"line":169,"column":4},"end":{"line":171,"column":null}},"type":"if","locations":[{"start":{"line":169,"column":4},"end":{"line":171,"column":null}},{"start":{},"end":{}}],"line":169},"16":{"loc":{"start":{"line":194,"column":20},"end":{"line":194,"column":39}},"type":"default-arg","locations":[{"start":{"line":194,"column":35},"end":{"line":194,"column":39}}],"line":194},"17":{"loc":{"start":{"line":197,"column":13},"end":{"line":197,"column":53}},"type":"cond-expr","locations":[{"start":{"line":197,"column":21},"end":{"line":197,"column":38}},{"start":{"line":197,"column":41},"end":{"line":197,"column":53}}],"line":197},"18":{"loc":{"start":{"line":219,"column":22},"end":{"line":219,"column":41}},"type":"default-arg","locations":[{"start":{"line":219,"column":37},"end":{"line":219,"column":41}}],"line":219},"19":{"loc":{"start":{"line":222,"column":13},"end":{"line":222,"column":53}},"type":"cond-expr","locations":[{"start":{"line":222,"column":21},"end":{"line":222,"column":38}},{"start":{"line":222,"column":41},"end":{"line":222,"column":53}}],"line":222},"20":{"loc":{"start":{"line":254,"column":11},"end":{"line":254,"column":77}},"type":"binary-expr","locations":[{"start":{"line":254,"column":11},"end":{"line":254,"column":41}},{"start":{"line":254,"column":45},"end":{"line":254,"column":77}}],"line":254}},"s":{"0":46,"1":4,"2":46,"3":4,"4":46,"5":46,"6":20,"7":1,"8":19,"9":19,"10":1,"11":18,"12":2,"13":1,"14":1,"15":3,"16":1,"17":2,"18":2,"19":0,"20":2,"21":3,"22":0,"23":3,"24":13,"25":1,"26":12,"27":11,"28":1,"29":10,"30":2,"31":1,"32":1,"33":3,"34":1,"35":2,"36":2,"37":0,"38":2,"39":2,"40":0,"41":2,"42":3,"43":6,"44":6,"45":6,"46":2,"47":2,"48":1,"49":2,"50":2,"51":2,"52":1,"53":1,"54":7,"55":5,"56":4,"57":1},"f":{"0":46,"1":20,"2":19,"3":2,"4":3,"5":2,"6":3,"7":13,"8":11,"9":2,"10":3,"11":2,"12":2,"13":3,"14":6,"15":1,"16":2,"17":7,"18":5,"19":4},"b":{"0":[46],"1":[46],"2":[4,42],"3":[4,42],"4":[1,19],"5":[1,18],"6":[1,1],"7":[1,2],"8":[0,2],"9":[0,3],"10":[1,12],"11":[1,10],"12":[1,1],"13":[1,2],"14":[0,2],"15":[0,2],"16":[6],"17":[5,1],"18":[2],"19":[2,0],"20":[4,2]},"meta":{"lastBranch":21,"lastFunction":20,"lastStatement":58,"seen":{"f:20:2:20:13":0,"b:20:29:20:60":0,"b:20:79:20:112":1,"b:21:4:23:Infinity:undefined:undefined:undefined:undefined":2,"s:21:4:23:Infinity":0,"s:22:6:22:Infinity":1,"b:24:4:26:Infinity:undefined:undefined:undefined:undefined":3,"s:24:4:26:Infinity":2,"s:25:6:25:Infinity":3,"s:27:4:27:Infinity":4,"s:28:4:28:Infinity":5,"f:40:2:40:10":1,"b:41:4:43:Infinity:undefined:undefined:undefined:undefined":4,"s:41:4:43:Infinity":6,"s:42:6:42:Infinity":7,"s:44:4:44:Infinity":8,"f:52:2:52:10":2,"b:53:4:55:Infinity:undefined:undefined:undefined:undefined":5,"s:53:4:55:Infinity":9,"s:54:6:54:Infinity":10,"s:56:4:56:Infinity":11,"f:63:2:63:13":3,"b:64:4:66:Infinity:undefined:undefined:undefined:undefined":6,"s:64:4:66:Infinity":12,"s:65:6:65:Infinity":13,"s:67:4:67:Infinity":14,"f:73:2:73:12":4,"b:74:4:76:Infinity:undefined:undefined:undefined:undefined":7,"s:74:4:76:Infinity":15,"s:75:6:75:Infinity":16,"s:77:4:77:Infinity":17,"f:84:2:84:16":5,"b:85:4:87:Infinity:undefined:undefined:undefined:undefined":8,"s:85:4:87:Infinity":18,"s:86:6:86:Infinity":19,"s:88:4:88:Infinity":20,"f:96:2:96:13":6,"b:97:4:99:Infinity:undefined:undefined:undefined:undefined":9,"s:97:4:99:Infinity":21,"s:98:6:98:Infinity":22,"s:100:4:100:Infinity":23,"f:112:2:112:12":7,"b:113:4:115:Infinity:undefined:undefined:undefined:undefined":10,"s:113:4:115:Infinity":24,"s:114:6:114:Infinity":25,"s:116:4:116:Infinity":26,"f:124:2:124:12":8,"b:125:4:127:Infinity:undefined:undefined:undefined:undefined":11,"s:125:4:127:Infinity":27,"s:126:6:126:Infinity":28,"s:128:4:128:Infinity":29,"f:135:2:135:15":9,"b:136:4:138:Infinity:undefined:undefined:undefined:undefined":12,"s:136:4:138:Infinity":30,"s:137:6:137:Infinity":31,"s:139:4:139:Infinity":32,"f:145:2:145:14":10,"b:146:4:148:Infinity:undefined:undefined:undefined:undefined":13,"s:146:4:148:Infinity":33,"s:147:6:147:Infinity":34,"s:149:4:149:Infinity":35,"f:156:2:156:18":11,"b:157:4:159:Infinity:undefined:undefined:undefined:undefined":14,"s:157:4:159:Infinity":36,"s:158:6:158:Infinity":37,"s:160:4:160:Infinity":38,"f:168:2:168:15":12,"b:169:4:171:Infinity:undefined:undefined:undefined:undefined":15,"s:169:4:171:Infinity":39,"s:170:6:170:Infinity":40,"s:172:4:172:Infinity":41,"f:184:2:184:14":13,"s:185:4:185:Infinity":42,"f:194:2:194:14":14,"b:194:35:194:39":16,"s:195:4:201:Infinity":43,"s:196:20:196:38":44,"s:197:6:197:Infinity":45,"b:197:21:197:38:197:41:197:53":17,"s:199:6:199:Infinity":46,"s:200:6:200:Infinity":47,"f:209:2:209:16":15,"s:210:4:210:Infinity":48,"f:219:2:219:16":16,"b:219:37:219:41":18,"s:220:4:226:Infinity":49,"s:221:20:221:40":50,"s:222:6:222:Infinity":51,"b:222:21:222:38:222:41:222:53":19,"s:224:6:224:Infinity":52,"s:225:6:225:Infinity":53,"f:237:2:237:25":17,"s:238:4:238:Infinity":54,"f:245:2:245:27":18,"s:246:4:246:Infinity":55,"f:253:2:253:13":19,"s:254:4:254:Infinity":56,"b:254:11:254:41:254:45:254:77":20,"s:259:30:259:50":57}}}
,"/Users/nick.peterson/Developer/chat-juicer/electron/renderer/config/constants.js": {"path":"/Users/nick.peterson/Developer/chat-juicer/electron/renderer/config/constants.js","statementMap":{"0":{"start":{"line":6,"column":34},"end":{"line":6,"column":36}},"1":{"start":{"line":7,"column":36},"end":{"line":7,"column":38}},"2":{"start":{"line":8,"column":28},"end":{"line":8,"column":31}},"3":{"start":{"line":11,"column":43},"end":{"line":11,"column":48}},"4":{"start":{"line":12,"column":38},"end":{"line":12,"column":42}},"5":{"start":{"line":13,"column":34},"end":{"line":13,"column":39}},"6":{"start":{"line":14,"column":42},"end":{"line":14,"column":46}},"7":{"start":{"line":15,"column":43},"end":{"line":15,"column":46}},"8":{"start":{"line":16,"column":38},"end":{"line":16,"column":41}},"9":{"start":{"line":19,"column":34},"end":{"line":19,"column":36}},"10":{"start":{"line":20,"column":35},"end":{"line":20,"column":37}},"11":{"start":{"line":23,"column":30},"end":{"line":23,"column":40}},"12":{"start":{"line":24,"column":37},"end":{"line":24,"column":58}},"13":{"start":{"line":25,"column":30},"end":{"line":25,"column":43}},"14":{"start":{"line":28,"column":34},"end":{"line":28,"column":38}},"15":{"start":{"line":29,"column":41},"end":{"line":29,"column":44}},"16":{"start":{"line":32,"column":37},"end":{"line":32,"column":39}},"17":{"start":{"line":33,"column":35},"end":{"line":33,"column":38}},"18":{"start":{"line":34,"column":36},"end":{"line":34,"column":39}},"19":{"start":{"line":37,"column":41},"end":{"line":37,"column":44}},"20":{"start":{"line":38,"column":37},"end":{"line":38,"column":39}},"21":{"start":{"line":39,"column":36},"end":{"line":39,"column":38}},"22":{"start":{"line":40,"column":35},"end":{"line":40,"column":39}},"23":{"start":{"line":41,"column":38},"end":{"line":41,"column":39}},"24":{"start":{"line":42,"column":43},"end":{"line":42,"column":47}},"25":{"start":{"line":45,"column":46},"end":{"line":45,"column":102}},"26":{"start":{"line":46,"column":34},"end":{"line":46,"column":56}},"27":{"start":{"line":47,"column":33},"end":{"line":47,"column":90}},"28":{"start":{"line":48,"column":36},"end":{"line":48,"column":89}},"29":{"start":{"line":49,"column":37},"end":{"line":49,"column":102}},"30":{"start":{"line":50,"column":33},"end":{"line":50,"column":71}},"31":{"start":{"line":51,"column":38},"end":{"line":51,"column":72}},"32":{"start":{"line":52,"column":39},"end":{"line":52,"column":84}},"33":{"start":{"line":53,"column":35},"end":{"line":53,"column":66}},"34":{"start":{"line":54,"column":32},"end":{"line":54,"column":58}},"35":{"start":{"line":55,"column":36},"end":{"line":55,"column":55}},"36":{"start":{"line":56,"column":39},"end":{"line":56,"column":61}},"37":{"start":{"line":57,"column":42},"end":{"line":57,"column":83}},"38":{"start":{"line":58,"column":39},"end":{"line":58,"column":92}},"39":{"start":{"line":59,"column":42},"end":{"line":59,"column":72}},"40":{"start":{"line":60,"column":36},"end":{"line":60,"column":64}},"41":{"start":{"line":63,"column":33},"end":{"line":63,"column":51}},"42":{"start":{"line":64,"column":28},"end":{"line":64,"column":53}},"43":{"start":{"line":65,"column":31},"end":{"line":65,"column":54}},"44":{"start":{"line":66,"column":31},"end":{"line":66,"column":47}},"45":{"start":{"line":67,"column":37},"end":{"line":67,"column":59}},"46":{"start":{"line":68,"column":38},"end":{"line":68,"column":76}},"47":{"start":{"line":69,"column":37},"end":{"line":69,"column":85}},"48":{"start":{"line":70,"column":41},"end":{"line":70,"column":86}},"49":{"start":{"line":71,"column":41},"end":{"line":71,"column":86}},"50":{"start":{"line":72,"column":35},"end":{"line":72,"column":66}},"51":{"start":{"line":73,"column":34},"end":{"line":73,"column":76}}},"fnMap":{},"branchMap":{},"s":{"0":2,"1":2,"2":2,"3":2,"4":2,"5":2,"6":2,"7":2,"8":2,"9":2,"10":2,"11":2,"12":2,"13":2,"14":2,"15":2,"16":2,"17":2,"18":2,"19":2,"20":2,"21":2,"22":2,"23":2,"24":2,"25":2,"26":2,"27":2,"28":2,"29":2,"30":2,"31":2,"32":2,"33":2,"34":2,"35":2,"36":2,"37":2,"38":2,"39":2,"40":2,"41":2,"42":2,"43":2,"44":2,"45":2,"46":2,"47":2,"48":2,"49":2,"50":2,"51":2},"f":{},"b":{},"meta":{"lastBranch":0,"lastFunction":0,"lastStatement":52,"seen":{"s:6:34:6:36":0,"s:7:36:7:38":1,"s:8:28:8:31":2,"s:11:43:11:48":3,"s:12:38:12:42":4,"s:13:34:13:39":5,"s:14:42:14:46":6,"s:15:43:15:46":7,"s:16:38:16:41":8,"s:19:34:19:36":9,"s:20:35:20:37":10,"s:23:30:23:40":11,"s:24:37:24:58":12,"s:25:30:25:43":13,"s:28:34:28:38":14,"s:29:41:29:44":15,"s:32:37:32:39":16,"s:33:35:33:38":17,"s:34:36:34:39":18,"s:37:41:37:44":19,"s:38:37:38:39":20,"s:39:36:39:38":21,"s:40:35:40:39":22,"s:41:38:41:39":23,"s:42:43:42:47":24,"s:45:46:45:102":25,"s:46:34:46:56":26,"s:47:33:47:90":27,"s:48:36:48:89":28,"s:49:37:49:102":29,"s:50:33:50:71":30,"s:51:38:51:72":31,"s:52:39:52:84":32,"s:53:35:53:66":33,"s:54:32:54:58":34,"s:55:36:55:55":35,"s:56:39:56:61":36,"s:57:42:57:83":37,"s:58:39:58:92":38,"s:59:42:59:72":39,"s:60:36:60:64":40,"s:63:33:63:51":41,"s:64:28:64:53":42,"s:65:31:65:54":43,"s:66:31:66:47":44,"s:67:37:67:59":45,"s:68:38:68:76":46,"s:69:37:69:85":47,"s:70:41:70:86":48,"s:71:41:71:86":49,"s:72:35:72:66":50,"s:73:34:73:76":51}}}
,"/Users/nick.peterson/Developer/chat-juicer/electron/renderer/core/event-bus.js": {"path":"/Users/nick.peterson/Developer/chat-juicer/electron/renderer/core/event-bus.js","statementMap":{"0":{"start":{"line":8,"column":4},"end":{"line":8,"column":null}},"1":{"start":{"line":9,"column":4},"end":{"line":9,"column":null}},"2":{"start":{"line":10,"column":4},"end":{"line":10,"column":null}},"3":{"start":{"line":11,"column":4},"end":{"line":11,"column":null}},"4":{"start":{"line":12,"column":4},"end":{"line":12,"column":null}},"5":{"start":{"line":13,"column":4},"end":{"line":13,"column":null}},"6":{"start":{"line":14,"column":4},"end":{"line":14,"column":null}},"7":{"start":{"line":25,"column":4},"end":{"line":27,"column":null}},"8":{"start":{"line":26,"column":6},"end":{"line":26,"column":null}},"9":{"start":{"line":30,"column":4},"end":{"line":33,"column":null}},"10":{"start":{"line":31,"column":6},"end":{"line":31,"column":null}},"11":{"start":{"line":32,"column":6},"end":{"line":32,"column":null}},"12":{"start":{"line":32,"column":19},"end":{"line":32,"column":57}},"13":{"start":{"line":36,"column":4},"end":{"line":38,"column":null}},"14":{"start":{"line":37,"column":6},"end":{"line":37,"column":null}},"15":{"start":{"line":40,"column":25},"end":{"line":43,"column":5}},"16":{"start":{"line":45,"column":21},"end":{"line":45,"column":46}},"17":{"start":{"line":46,"column":4},"end":{"line":46,"column":null}},"18":{"start":{"line":49,"column":4},"end":{"line":49,"column":null}},"19":{"start":{"line":49,"column":28},"end":{"line":49,"column":51}},"20":{"start":{"line":52,"column":4},"end":{"line":60,"column":null}},"21":{"start":{"line":53,"column":23},"end":{"line":53,"column":48}},"22":{"start":{"line":54,"column":6},"end":{"line":59,"column":null}},"23":{"start":{"line":55,"column":22},"end":{"line":55,"column":70}},"24":{"start":{"line":55,"column":48},"end":{"line":55,"column":69}},"25":{"start":{"line":56,"column":8},"end":{"line":58,"column":null}},"26":{"start":{"line":57,"column":10},"end":{"line":57,"column":null}},"27":{"start":{"line":70,"column":4},"end":{"line":72,"column":null}},"28":{"start":{"line":71,"column":6},"end":{"line":71,"column":null}},"29":{"start":{"line":74,"column":4},"end":{"line":74,"column":null}},"30":{"start":{"line":76,"column":4},"end":{"line":84,"column":null}},"31":{"start":{"line":77,"column":23},"end":{"line":77,"column":52}},"32":{"start":{"line":78,"column":6},"end":{"line":83,"column":null}},"33":{"start":{"line":79,"column":22},"end":{"line":79,"column":47}},"34":{"start":{"line":80,"column":8},"end":{"line":82,"column":null}},"35":{"start":{"line":81,"column":10},"end":{"line":81,"column":null}},"36":{"start":{"line":94,"column":22},"end":{"line":99,"column":5}},"37":{"start":{"line":102,"column":4},"end":{"line":104,"column":null}},"38":{"start":{"line":103,"column":6},"end":{"line":103,"column":null}},"39":{"start":{"line":107,"column":21},"end":{"line":107,"column":52}},"40":{"start":{"line":108,"column":4},"end":{"line":110,"column":null}},"41":{"start":{"line":109,"column":6},"end":{"line":109,"column":null}},"42":{"start":{"line":113,"column":25},"end":{"line":113,"column":60}},"43":{"start":{"line":114,"column":4},"end":{"line":119,"column":null}},"44":{"start":{"line":115,"column":6},"end":{"line":115,"column":null}},"45":{"start":{"line":116,"column":6},"end":{"line":118,"column":null}},"46":{"start":{"line":117,"column":8},"end":{"line":117,"column":null}},"47":{"start":{"line":122,"column":4},"end":{"line":124,"column":null}},"48":{"start":{"line":123,"column":6},"end":{"line":123,"column":null}},"49":{"start":{"line":135,"column":4},"end":{"line":140,"column":null}},"50":{"start":{"line":136,"column":6},"end":{"line":139,"column":null}},"51":{"start":{"line":137,"column":8},"end":{"line":137,"column":null}},"52":{"start":{"line":138,"column":8},"end":{"line":138,"column":null}},"53":{"start":{"line":148,"column":4},"end":{"line":155,"column":null}},"54":{"start":{"line":149,"column":6},"end":{"line":149,"column":null}},"55":{"start":{"line":150,"column":6},"end":{"line":150,"column":null}},"56":{"start":{"line":152,"column":6},"end":{"line":152,"column":null}},"57":{"start":{"line":153,"column":6},"end":{"line":153,"column":null}},"58":{"start":{"line":154,"column":6},"end":{"line":154,"column":null}},"59":{"start":{"line":164,"column":20},"end":{"line":164,"column":85}},"60":{"start":{"line":165,"column":17},"end":{"line":165,"column":90}},"61":{"start":{"line":166,"column":4},"end":{"line":166,"column":null}},"62":{"start":{"line":175,"column":20},"end":{"line":175,"column":58}},"63":{"start":{"line":176,"column":17},"end":{"line":176,"column":59}},"64":{"start":{"line":177,"column":21},"end":{"line":177,"column":68}},"65":{"start":{"line":178,"column":4},"end":{"line":178,"column":null}},"66":{"start":{"line":186,"column":4},"end":{"line":190,"column":null}},"67":{"start":{"line":187,"column":6},"end":{"line":187,"column":null}},"68":{"start":{"line":189,"column":6},"end":{"line":189,"column":null}},"69":{"start":{"line":198,"column":4},"end":{"line":203,"column":null}},"70":{"start":{"line":211,"column":4},"end":{"line":211,"column":null}},"71":{"start":{"line":214,"column":4},"end":{"line":216,"column":null}},"72":{"start":{"line":215,"column":6},"end":{"line":215,"column":null}},"73":{"start":{"line":225,"column":4},"end":{"line":225,"column":null}},"74":{"start":{"line":232,"column":4},"end":{"line":232,"column":null}},"75":{"start":{"line":240,"column":4},"end":{"line":248,"column":null}},"76":{"start":{"line":242,"column":87},"end":{"line":245,"column":7}},"77":{"start":{"line":258,"column":4},"end":{"line":258,"column":null}},"78":{"start":{"line":259,"column":4},"end":{"line":259,"column":null}},"79":{"start":{"line":263,"column":4},"end":{"line":263,"column":null}},"80":{"start":{"line":267,"column":4},"end":{"line":267,"column":null}},"81":{"start":{"line":271,"column":4},"end":{"line":274,"column":null}},"82":{"start":{"line":278,"column":4},"end":{"line":281,"column":null}},"83":{"start":{"line":285,"column":4},"end":{"line":285,"column":null}},"84":{"start":{"line":290,"column":30},"end":{"line":309,"column":2}},"85":{"start":{"line":293,"column":4},"end":{"line":298,"column":null}},"86":{"start":{"line":301,"column":4},"end":{"line":307,"column":null}},"87":{"start":{"line":302,"column":6},"end":{"line":306,"column":null}},"88":{"start":{"line":312,"column":18},"end":{"line":312,"column":56}},"89":{"start":{"line":313,"column":20},"end":{"line":313,"column":60}},"90":{"start":{"line":314,"column":20},"end":{"line":314,"column":60}},"91":{"start":{"line":315,"column":19},"end":{"line":315,"column":58}}},"fnMap":{"0":{"name":"(anonymous_0)","decl":{"start":{"line":7,"column":2},"end":{"line":7,"column":13}},"loc":{"start":{"line":7,"column":28},"end":{"line":15,"column":null}},"line":7},"1":{"name":"(anonymous_1)","decl":{"start":{"line":24,"column":2},"end":{"line":24,"column":4}},"loc":{"start":{"line":24,"column":35},"end":{"line":61,"column":null}},"line":24},"2":{"name":"(anonymous_2)","decl":{"start":{"line":32,"column":13},"end":{"line":32,"column":14}},"loc":{"start":{"line":32,"column":19},"end":{"line":32,"column":57}},"line":32},"3":{"name":"(anonymous_3)","decl":{"start":{"line":49,"column":18},"end":{"line":49,"column":19}},"loc":{"start":{"line":49,"column":28},"end":{"line":49,"column":51}},"line":49},"4":{"name":"(anonymous_4)","decl":{"start":{"line":52,"column":11},"end":{"line":52,"column":12}},"loc":{"start":{"line":52,"column":17},"end":{"line":60,"column":5}},"line":52},"5":{"name":"(anonymous_5)","decl":{"start":{"line":55,"column":41},"end":{"line":55,"column":42}},"loc":{"start":{"line":55,"column":48},"end":{"line":55,"column":69}},"line":55},"6":{"name":"(anonymous_6)","decl":{"start":{"line":69,"column":2},"end":{"line":69,"column":6}},"loc":{"start":{"line":69,"column":23},"end":{"line":85,"column":null}},"line":69},"7":{"name":"(anonymous_7)","decl":{"start":{"line":76,"column":11},"end":{"line":76,"column":12}},"loc":{"start":{"line":76,"column":17},"end":{"line":84,"column":5}},"line":76},"8":{"name":"(anonymous_8)","decl":{"start":{"line":93,"column":2},"end":{"line":93,"column":6}},"loc":{"start":{"line":93,"column":35},"end":{"line":125,"column":null}},"line":93},"9":{"name":"(anonymous_9)","decl":{"start":{"line":134,"column":8},"end":{"line":134,"column":17}},"loc":{"start":{"line":134,"column":46},"end":{"line":141,"column":null}},"line":134},"10":{"name":"(anonymous_10)","decl":{"start":{"line":135,"column":23},"end":{"line":135,"column":24}},"loc":{"start":{"line":135,"column":36},"end":{"line":140,"column":5}},"line":135},"11":{"name":"(anonymous_11)","decl":{"start":{"line":136,"column":17},"end":{"line":136,"column":18}},"loc":{"start":{"line":136,"column":23},"end":{"line":139,"column":7}},"line":136},"12":{"name":"(anonymous_12)","decl":{"start":{"line":147,"column":2},"end":{"line":147,"column":5}},"loc":{"start":{"line":147,"column":13},"end":{"line":156,"column":null}},"line":147},"13":{"name":"(anonymous_13)","decl":{"start":{"line":163,"column":2},"end":{"line":163,"column":14}},"loc":{"start":{"line":163,"column":22},"end":{"line":167,"column":null}},"line":163},"14":{"name":"(anonymous_14)","decl":{"start":{"line":174,"column":2},"end":{"line":174,"column":15}},"loc":{"start":{"line":174,"column":23},"end":{"line":179,"column":null}},"line":174},"15":{"name":"(anonymous_15)","decl":{"start":{"line":185,"column":2},"end":{"line":185,"column":12}},"loc":{"start":{"line":185,"column":33},"end":{"line":191,"column":null}},"line":185},"16":{"name":"(anonymous_16)","decl":{"start":{"line":197,"column":2},"end":{"line":197,"column":21}},"loc":{"start":{"line":197,"column":49},"end":{"line":204,"column":null}},"line":197},"17":{"name":"(anonymous_17)","decl":{"start":{"line":210,"column":2},"end":{"line":210,"column":10}},"loc":{"start":{"line":210,"column":22},"end":{"line":217,"column":null}},"line":210},"18":{"name":"(anonymous_18)","decl":{"start":{"line":224,"column":2},"end":{"line":224,"column":13}},"loc":{"start":{"line":224,"column":26},"end":{"line":226,"column":null}},"line":224},"19":{"name":"(anonymous_19)","decl":{"start":{"line":231,"column":2},"end":{"line":231,"column":15}},"loc":{"start":{"line":231,"column":18},"end":{"line":233,"column":null}},"line":231},"20":{"name":"(anonymous_20)","decl":{"start":{"line":239,"column":2},"end":{"line":239,"column":18}},"loc":{"start":{"line":239,"column":21},"end":{"line":249,"column":null}},"line":239},"21":{"name":"(anonymous_21)","decl":{"start":{"line":242,"column":63},"end":{"line":242,"column":64}},"loc":{"start":{"line":242,"column":87},"end":{"line":245,"column":7}},"line":242},"22":{"name":"(anonymous_22)","decl":{"start":{"line":257,"column":2},"end":{"line":257,"column":13}},"loc":{"start":{"line":257,"column":31},"end":{"line":260,"column":null}},"line":257},"23":{"name":"(anonymous_23)","decl":{"start":{"line":262,"column":2},"end":{"line":262,"column":4}},"loc":{"start":{"line":262,"column":30},"end":{"line":264,"column":null}},"line":262},"24":{"name":"(anonymous_24)","decl":{"start":{"line":266,"column":2},"end":{"line":266,"column":6}},"loc":{"start":{"line":266,"column":23},"end":{"line":268,"column":null}},"line":266},"25":{"name":"(anonymous_25)","decl":{"start":{"line":270,"column":2},"end":{"line":270,"column":6}},"loc":{"start":{"line":270,"column":35},"end":{"line":275,"column":null}},"line":270},"26":{"name":"(anonymous_26)","decl":{"start":{"line":277,"column":2},"end":{"line":277,"column":11}},"loc":{"start":{"line":277,"column":40},"end":{"line":282,"column":null}},"line":277},"27":{"name":"(anonymous_27)","decl":{"start":{"line":284,"column":2},"end":{"line":284,"column":5}},"loc":{"start":{"line":284,"column":13},"end":{"line":286,"column":null}},"line":284},"28":{"name":"(anonymous_28)","decl":{"start":{"line":292,"column":16},"end":{"line":292,"column":17}},"loc":{"start":{"line":292,"column":47},"end":{"line":308,"column":3}},"line":292}},"branchMap":{"0":{"loc":{"start":{"line":7,"column":14},"end":{"line":7,"column":26}},"type":"default-arg","locations":[{"start":{"line":7,"column":24},"end":{"line":7,"column":26}}],"line":7},"1":{"loc":{"start":{"line":11,"column":24},"end":{"line":11,"column":72}},"type":"binary-expr","locations":[{"start":{"line":11,"column":24},"end":{"line":11,"column":44}},{"start":{"line":11,"column":48},"end":{"line":11,"column":72}}],"line":11},"2":{"loc":{"start":{"line":12,"column":17},"end":{"line":12,"column":39}},"type":"binary-expr","locations":[{"start":{"line":12,"column":17},"end":{"line":12,"column":30}},{"start":{"line":12,"column":34},"end":{"line":12,"column":39}}],"line":12},"3":{"loc":{"start":{"line":14,"column":22},"end":{"line":14,"column":47}},"type":"binary-expr","locations":[{"start":{"line":14,"column":22},"end":{"line":14,"column":40}},{"start":{"line":14,"column":44},"end":{"line":14,"column":47}}],"line":14},"4":{"loc":{"start":{"line":24,"column":21},"end":{"line":24,"column":33}},"type":"default-arg","locations":[{"start":{"line":24,"column":31},"end":{"line":24,"column":33}}],"line":24},"5":{"loc":{"start":{"line":25,"column":4},"end":{"line":27,"column":null}},"type":"if","locations":[{"start":{"line":25,"column":4},"end":{"line":27,"column":null}},{"start":{},"end":{}}],"line":25},"6":{"loc":{"start":{"line":30,"column":4},"end":{"line":33,"column":null}},"type":"if","locations":[{"start":{"line":30,"column":4},"end":{"line":33,"column":null}},{"start":{},"end":{}}],"line":30},"7":{"loc":{"start":{"line":31,"column":54},"end":{"line":31,"column":75}},"type":"binary-expr","locations":[{"start":{"line":31,"column":54},"end":{"line":31,"column":70}},{"start":{"line":31,"column":74},"end":{"line":31,"column":75}}],"line":31},"8":{"loc":{"start":{"line":36,"column":4},"end":{"line":38,"column":null}},"type":"if","locations":[{"start":{"line":36,"column":4},"end":{"line":38,"column":null}},{"start":{},"end":{}}],"line":36},"9":{"loc":{"start":{"line":42,"column":16},"end":{"line":42,"column":37}},"type":"binary-expr","locations":[{"start":{"line":42,"column":16},"end":{"line":42,"column":32}},{"start":{"line":42,"column":36},"end":{"line":42,"column":37}}],"line":42},"10":{"loc":{"start":{"line":54,"column":6},"end":{"line":59,"column":null}},"type":"if","locations":[{"start":{"line":54,"column":6},"end":{"line":59,"column":null}},{"start":{},"end":{}}],"line":54},"11":{"loc":{"start":{"line":56,"column":8},"end":{"line":58,"column":null}},"type":"if","locations":[{"start":{"line":56,"column":8},"end":{"line":58,"column":null}},{"start":{},"end":{}}],"line":56},"12":{"loc":{"start":{"line":70,"column":4},"end":{"line":72,"column":null}},"type":"if","locations":[{"start":{"line":70,"column":4},"end":{"line":72,"column":null}},{"start":{},"end":{}}],"line":70},"13":{"loc":{"start":{"line":78,"column":6},"end":{"line":83,"column":null}},"type":"if","locations":[{"start":{"line":78,"column":6},"end":{"line":83,"column":null}},{"start":{},"end":{}}],"line":78},"14":{"loc":{"start":{"line":80,"column":8},"end":{"line":82,"column":null}},"type":"if","locations":[{"start":{"line":80,"column":8},"end":{"line":82,"column":null}},{"start":{},"end":{}}],"line":80},"15":{"loc":{"start":{"line":93,"column":20},"end":{"line":93,"column":33}},"type":"default-arg","locations":[{"start":{"line":93,"column":31},"end":{"line":93,"column":33}}],"line":93},"16":{"loc":{"start":{"line":102,"column":4},"end":{"line":104,"column":null}},"type":"if","locations":[{"start":{"line":102,"column":4},"end":{"line":104,"column":null}},{"start":{},"end":{}}],"line":102},"17":{"loc":{"start":{"line":107,"column":21},"end":{"line":107,"column":52}},"type":"binary-expr","locations":[{"start":{"line":107,"column":21},"end":{"line":107,"column":46}},{"start":{"line":107,"column":50},"end":{"line":107,"column":52}}],"line":107},"18":{"loc":{"start":{"line":113,"column":25},"end":{"line":113,"column":60}},"type":"binary-expr","locations":[{"start":{"line":113,"column":25},"end":{"line":113,"column":54}},{"start":{"line":113,"column":58},"end":{"line":113,"column":60}}],"line":113},"19":{"loc":{"start":{"line":114,"column":4},"end":{"line":119,"column":null}},"type":"if","locations":[{"start":{"line":114,"column":4},"end":{"line":119,"column":null}},{"start":{},"end":{}}],"line":114},"20":{"loc":{"start":{"line":134,"column":31},"end":{"line":134,"column":44}},"type":"default-arg","locations":[{"start":{"line":134,"column":42},"end":{"line":134,"column":44}}],"line":134},"21":{"loc":{"start":{"line":148,"column":4},"end":{"line":155,"column":null}},"type":"if","locations":[{"start":{"line":148,"column":4},"end":{"line":155,"column":null}},{"start":{"line":151,"column":11},"end":{"line":155,"column":null}}],"line":148},"22":{"loc":{"start":{"line":164,"column":20},"end":{"line":164,"column":85}},"type":"binary-expr","locations":[{"start":{"line":164,"column":20},"end":{"line":164,"column":45}},{"start":{"line":164,"column":49},"end":{"line":164,"column":85}}],"line":164},"23":{"loc":{"start":{"line":165,"column":17},"end":{"line":165,"column":90}},"type":"binary-expr","locations":[{"start":{"line":165,"column":17},"end":{"line":165,"column":46}},{"start":{"line":165,"column":50},"end":{"line":165,"column":90}}],"line":165},"24":{"loc":{"start":{"line":166,"column":11},"end":{"line":166,"column":61}},"type":"binary-expr","locations":[{"start":{"line":166,"column":11},"end":{"line":166,"column":18}},{"start":{"line":166,"column":22},"end":{"line":166,"column":26}},{"start":{"line":166,"column":30},"end":{"line":166,"column":61}}],"line":166},"25":{"loc":{"start":{"line":175,"column":20},"end":{"line":175,"column":58}},"type":"binary-expr","locations":[{"start":{"line":175,"column":20},"end":{"line":175,"column":53}},{"start":{"line":175,"column":57},"end":{"line":175,"column":58}}],"line":175},"26":{"loc":{"start":{"line":176,"column":17},"end":{"line":176,"column":59}},"type":"binary-expr","locations":[{"start":{"line":176,"column":17},"end":{"line":176,"column":54}},{"start":{"line":176,"column":58},"end":{"line":176,"column":59}}],"line":176},"27":{"loc":{"start":{"line":177,"column":21},"end":{"line":177,"column":68}},"type":"cond-expr","locations":[{"start":{"line":177,"column":37},"end":{"line":177,"column":64}},{"start":{"line":177,"column":67},"end":{"line":177,"column":68}}],"line":177},"28":{"loc":{"start":{"line":201,"column":15},"end":{"line":201,"column":42}},"type":"binary-expr","locations":[{"start":{"line":201,"column":15},"end":{"line":201,"column":27}},{"start":{"line":201,"column":31},"end":{"line":201,"column":42}}],"line":201},"29":{"loc":{"start":{"line":214,"column":4},"end":{"line":216,"column":null}},"type":"if","locations":[{"start":{"line":214,"column":4},"end":{"line":216,"column":null}},{"start":{},"end":{}}],"line":214},"30":{"loc":{"start":{"line":224,"column":14},"end":{"line":224,"column":24}},"type":"default-arg","locations":[{"start":{"line":224,"column":22},"end":{"line":224,"column":24}}],"line":224},"31":{"loc":{"start":{"line":270,"column":20},"end":{"line":270,"column":33}},"type":"default-arg","locations":[{"start":{"line":270,"column":31},"end":{"line":270,"column":33}}],"line":270},"32":{"loc":{"start":{"line":277,"column":25},"end":{"line":277,"column":38}},"type":"default-arg","locations":[{"start":{"line":277,"column":36},"end":{"line":277,"column":38}}],"line":277},"33":{"loc":{"start":{"line":296,"column":15},"end":{"line":296,"column":42}},"type":"binary-expr","locations":[{"start":{"line":296,"column":15},"end":{"line":296,"column":27}},{"start":{"line":296,"column":31},"end":{"line":296,"column":42}}],"line":296},"34":{"loc":{"start":{"line":301,"column":4},"end":{"line":307,"column":null}},"type":"if","locations":[{"start":{"line":301,"column":4},"end":{"line":307,"column":null}},{"start":{},"end":{}}],"line":301}},"s":{"0":49,"1":49,"2":49,"3":49,"4":49,"5":49,"6":49,"7":30,"8":0,"9":30,"10":2,"11":2,"12":0,"13":28,"14":21,"15":28,"16":30,"17":30,"18":30,"19":11,"20":30,"21":1,"22":1,"23":1,"24":1,"25":1,"26":1,"27":3,"28":3,"29":3,"30":3,"31":1,"32":1,"33":1,"34":1,"35":1,"36":51,"37":51,"38":28,"39":51,"40":51,"41":17,"42":51,"43":51,"44":1,"45":1,"46":1,"47":51,"48":4,"49":1,"50":1,"51":1,"52":1,"53":41,"54":1,"55":1,"56":40,"57":40,"58":40,"59":2,"60":2,"61":2,"62":9,"63":9,"64":9,"65":9,"66":22,"67":22,"68":2,"69":1,"70":28,"71":28,"72":5,"73":5,"74":1,"75":1,"76":2,"77":3,"78":3,"79":2,"80":0,"81":1,"82":0,"83":0,"84":2,"85":0,"86":0,"87":0,"88":2,"89":2,"90":2,"91":2},"f":{"0":49,"1":30,"2":0,"3":11,"4":1,"5":1,"6":3,"7":1,"8":51,"9":1,"10":1,"11":1,"12":41,"13":2,"14":9,"15":22,"16":1,"17":28,"18":5,"19":1,"20":1,"21":2,"22":3,"23":2,"24":0,"25":1,"26":0,"27":0,"28":0},"b":{"0":[49],"1":[49,46],"2":[49,25],"3":[49,48],"4":[30],"5":[0,30],"6":[2,28],"7":[2,2],"8":[21,7],"9":[28,26],"10":[1,0],"11":[1,0],"12":[3,0],"13":[1,0],"14":[1,0],"15":[51],"16":[28,23],"17":[51,38],"18":[51,49],"19":[1,50],"20":[1],"21":[1,40],"22":[2,1],"23":[2,0],"24":[2,1,1],"25":[9,5],"26":[9,8],"27":[0,9],"28":[1,0],"29":[5,23],"30":[5],"31":[1],"32":[0],"33":[0,0],"34":[0,0]},"meta":{"lastBranch":35,"lastFunction":29,"lastStatement":92,"seen":{"f:7:2:7:13":0,"b:7:24:7:26":0,"s:8:4:8:Infinity":0,"s:9:4:9:Infinity":1,"s:10:4:10:Infinity":2,"s:11:4:11:Infinity":3,"b:11:24:11:44:11:48:11:72":1,"s:12:4:12:Infinity":4,"b:12:17:12:30:12:34:12:39":2,"s:13:4:13:Infinity":5,"s:14:4:14:Infinity":6,"b:14:22:14:40:14:44:14:47":3,"f:24:2:24:4":1,"b:24:31:24:33":4,"b:25:4:27:Infinity:undefined:undefined:undefined:undefined":5,"s:25:4:27:Infinity":7,"s:26:6:26:Infinity":8,"b:30:4:33:Infinity:undefined:undefined:undefined:undefined":6,"s:30:4:33:Infinity":9,"s:31:6:31:Infinity":10,"b:31:54:31:70:31:74:31:75":7,"s:32:6:32:Infinity":11,"f:32:13:32:14":2,"s:32:19:32:57":12,"b:36:4:38:Infinity:undefined:undefined:undefined:undefined":8,"s:36:4:38:Infinity":13,"s:37:6:37:Infinity":14,"s:40:25:43:5":15,"b:42:16:42:32:42:36:42:37":9,"s:45:21:45:46":16,"s:46:4:46:Infinity":17,"s:49:4:49:Infinity":18,"f:49:18:49:19":3,"s:49:28:49:51":19,"s:52:4:60:Infinity":20,"f:52:11:52:12":4,"s:53:23:53:48":21,"b:54:6:59:Infinity:undefined:undefined:undefined:undefined":10,"s:54:6:59:Infinity":22,"s:55:22:55:70":23,"f:55:41:55:42":5,"s:55:48:55:69":24,"b:56:8:58:Infinity:undefined:undefined:undefined:undefined":11,"s:56:8:58:Infinity":25,"s:57:10:57:Infinity":26,"f:69:2:69:6":6,"b:70:4:72:Infinity:undefined:undefined:undefined:undefined":12,"s:70:4:72:Infinity":27,"s:71:6:71:Infinity":28,"s:74:4:74:Infinity":29,"s:76:4:84:Infinity":30,"f:76:11:76:12":7,"s:77:23:77:52":31,"b:78:6:83:Infinity:undefined:undefined:undefined:undefined":13,"s:78:6:83:Infinity":32,"s:79:22:79:47":33,"b:80:8:82:Infinity:undefined:undefined:undefined:undefined":14,"s:80:8:82:Infinity":34,"s:81:10:81:Infinity":35,"f:93:2:93:6":8,"b:93:31:93:33":15,"s:94:22:99:5":36,"b:102:4:104:Infinity:undefined:undefined:undefined:undefined":16,"s:102:4:104:Infinity":37,"s:103:6:103:Infinity":38,"s:107:21:107:52":39,"b:107:21:107:46:107:50:107:52":17,"s:108:4:110:Infinity":40,"s:109:6:109:Infinity":41,"s:113:25:113:60":42,"b:113:25:113:54:113:58:113:60":18,"b:114:4:119:Infinity:undefined:undefined:undefined:undefined":19,"s:114:4:119:Infinity":43,"s:115:6:115:Infinity":44,"s:116:6:118:Infinity":45,"s:117:8:117:Infinity":46,"s:122:4:124:Infinity":47,"s:123:6:123:Infinity":48,"f:134:8:134:17":9,"b:134:42:134:44":20,"s:135:4:140:Infinity":49,"f:135:23:135:24":10,"s:136:6:139:Infinity":50,"f:136:17:136:18":11,"s:137:8:137:Infinity":51,"s:138:8:138:Infinity":52,"f:147:2:147:5":12,"b:148:4:155:Infinity:151:11:155:Infinity":21,"s:148:4:155:Infinity":53,"s:149:6:149:Infinity":54,"s:150:6:150:Infinity":55,"s:152:6:152:Infinity":56,"s:153:6:153:Infinity":57,"s:154:6:154:Infinity":58,"f:163:2:163:14":13,"s:164:20:164:85":59,"b:164:20:164:45:164:49:164:85":22,"s:165:17:165:90":60,"b:165:17:165:46:165:50:165:90":23,"s:166:4:166:Infinity":61,"b:166:11:166:18:166:22:166:26:166:30:166:61":24,"f:174:2:174:15":14,"s:175:20:175:58":62,"b:175:20:175:53:175:57:175:58":25,"s:176:17:176:59":63,"b:176:17:176:54:176:58:176:59":26,"s:177:21:177:68":64,"b:177:37:177:64:177:67:177:68":27,"s:178:4:178:Infinity":65,"f:185:2:185:12":15,"s:186:4:190:Infinity":66,"s:187:6:187:Infinity":67,"s:189:6:189:Infinity":68,"f:197:2:197:21":16,"s:198:4:203:Infinity":69,"b:201:15:201:27:201:31:201:42":28,"f:210:2:210:10":17,"s:211:4:211:Infinity":70,"b:214:4:216:Infinity:undefined:undefined:undefined:undefined":29,"s:214:4:216:Infinity":71,"s:215:6:215:Infinity":72,"f:224:2:224:13":18,"b:224:22:224:24":30,"s:225:4:225:Infinity":73,"f:231:2:231:15":19,"s:232:4:232:Infinity":74,"f:239:2:239:18":20,"s:240:4:248:Infinity":75,"f:242:63:242:64":21,"s:242:87:245:7":76,"f:257:2:257:13":22,"s:258:4:258:Infinity":77,"s:259:4:259:Infinity":78,"f:262:2:262:4":23,"s:263:4:263:Infinity":79,"f:266:2:266:6":24,"s:267:4:267:Infinity":80,"f:270:2:270:6":25,"b:270:31:270:33":31,"s:271:4:274:Infinity":81,"f:277:2:277:11":26,"b:277:36:277:38":32,"s:278:4:281:Infinity":82,"f:284:2:284:5":27,"s:285:4:285:Infinity":83,"s:290:30:309:2":84,"f:292:16:292:17":28,"s:293:4:298:Infinity":85,"b:296:15:296:27:296:31:296:42":33,"b:301:4:307:Infinity:undefined:undefined:undefined:undefined":34,"s:301:4:307:Infinity":86,"s:302:6:306:Infinity":87,"s:312:18:312:56":88,"s:313:20:313:60":89,"s:314:20:314:60":90,"s:315:19:315:58":91}}}
,"/Users/nick.peterson/Developer/chat-juicer/electron/renderer/core/state.js": {"path":"/Users/nick.peterson/Developer/chat-juicer/electron/renderer/core/state.js","statementMap":{"0":{"start":{"line":13,"column":4},"end":{"line":13,"column":null}},"1":{"start":{"line":14,"column":4},"end":{"line":14,"column":null}},"2":{"start":{"line":15,"column":4},"end":{"line":15,"column":36}},"3":{"start":{"line":16,"column":4},"end":{"line":16,"column":null}},"4":{"start":{"line":21,"column":4},"end":{"line":23,"column":null}},"5":{"start":{"line":22,"column":6},"end":{"line":22,"column":null}},"6":{"start":{"line":26,"column":4},"end":{"line":41,"column":null}},"7":{"start":{"line":27,"column":22},"end":{"line":27,"column":26}},"8":{"start":{"line":28,"column":24},"end":{"line":28,"column":32}},"9":{"start":{"line":31,"column":6},"end":{"line":36,"column":null}},"10":{"start":{"line":32,"column":8},"end":{"line":35,"column":null}},"11":{"start":{"line":33,"column":10},"end":{"line":33,"column":null}},"12":{"start":{"line":34,"column":10},"end":{"line":34,"column":null}},"13":{"start":{"line":38,"column":6},"end":{"line":40,"column":null}},"14":{"start":{"line":39,"column":8},"end":{"line":39,"column":null}},"15":{"start":{"line":44,"column":4},"end":{"line":44,"column":null}},"16":{"start":{"line":45,"column":4},"end":{"line":45,"column":null}},"17":{"start":{"line":49,"column":4},"end":{"line":49,"column":36}},"18":{"start":{"line":50,"column":4},"end":{"line":50,"column":29}},"19":{"start":{"line":54,"column":4},"end":{"line":54,"column":null}},"20":{"start":{"line":55,"column":4},"end":{"line":55,"column":null}},"21":{"start":{"line":56,"column":4},"end":{"line":56,"column":null}},"22":{"start":{"line":66,"column":4},"end":{"line":70,"column":null}},"23":{"start":{"line":73,"column":4},"end":{"line":77,"column":null}},"24":{"start":{"line":80,"column":4},"end":{"line":84,"column":null}},"25":{"start":{"line":87,"column":4},"end":{"line":91,"column":null}},"26":{"start":{"line":94,"column":4},"end":{"line":94,"column":null}},"27":{"start":{"line":100,"column":4},"end":{"line":105,"column":null}},"28":{"start":{"line":101,"column":23},"end":{"line":101,"column":33}},"29":{"start":{"line":102,"column":6},"end":{"line":102,"column":null}},"30":{"start":{"line":103,"column":6},"end":{"line":103,"column":null}},"31":{"start":{"line":104,"column":6},"end":{"line":104,"column":null}},"32":{"start":{"line":108,"column":17},"end":{"line":108,"column":32}},"33":{"start":{"line":109,"column":17},"end":{"line":109,"column":21}},"34":{"start":{"line":112,"column":4},"end":{"line":114,"column":null}},"35":{"start":{"line":112,"column":17},"end":{"line":112,"column":18}},"36":{"start":{"line":113,"column":6},"end":{"line":113,"column":null}},"37":{"start":{"line":116,"column":20},"end":{"line":116,"column":41}},"38":{"start":{"line":117,"column":21},"end":{"line":117,"column":36}},"39":{"start":{"line":118,"column":4},"end":{"line":118,"column":null}},"40":{"start":{"line":121,"column":4},"end":{"line":121,"column":null}},"41":{"start":{"line":126,"column":17},"end":{"line":126,"column":32}},"42":{"start":{"line":127,"column":16},"end":{"line":127,"column":20}},"43":{"start":{"line":129,"column":4},"end":{"line":132,"column":null}},"44":{"start":{"line":130,"column":6},"end":{"line":130,"column":null}},"45":{"start":{"line":131,"column":6},"end":{"line":131,"column":null}},"46":{"start":{"line":131,"column":31},"end":{"line":131,"column":null}},"47":{"start":{"line":1
[...]
defined:undefined:undefined":10,"s:75:4:75:Infinity":14,"s:75:23:75:Infinity":15,"s:77:18:77:39":16,"b:78:4:81:Infinity:undefined:undefined:undefined:undefined":11,"s:78:4:81:Infinity":17,"s:79:6:79:Infinity":18,"s:80:6:80:Infinity":19,"s:83:21:83:52":20,"s:84:4:87:Infinity":21,"s:89:4:89:Infinity":22,"s:90:4:90:Infinity":23,"f:100:8:100:15":4,"b:100:37:100:39":12,"b:101:4:103:Infinity:undefined:undefined:undefined:undefined":13,"s:101:4:103:Infinity":24,"s:102:6:102:Infinity":25,"s:105:4:105:Infinity":26,"s:106:4:113:Infinity":27,"s:107:21:107:31":28,"s:108:6:108:Infinity":29,"s:109:6:109:Infinity":30,"s:111:6:111:Infinity":31,"s:112:6:112:Infinity":32,"f:121:2:121:11":5,"b:121:27:121:28":14,"b:122:4:122:Infinity:undefined:undefined:undefined:undefined":15,"s:122:4:122:Infinity":33,"s:122:23:122:Infinity":34,"s:124:20:124:48":35,"b:124:20:124:43:124:47:124:48":16,"s:125:4:125:Infinity":36,"f:133:2:133:12":6,"s:134:4:134:Infinity":37,"b:134:11:134:34:134:38:134:39":17,"f:141:2:141:14":7,"s:142:4:142:Infinity":38,"f:151:2:151:12":8,"b:151:27:151:30":18,"s:152:4:152:Infinity":39,"f:152:31:152:32":9,"s:152:38:152:53":40,"f:160:2:160:15":10,"b:160:24:160:27":19,"s:161:4:161:Infinity":41,"f:169:2:169:10":11,"s:170:20:170:41":42,"b:171:4:179:Infinity:undefined:undefined:undefined:undefined":20,"s:171:4:179:Infinity":43,"s:172:6:178:Infinity":44,"s:181:19:181:46":45,"f:181:31:181:32":12,"s:181:38:181:45":46,"s:182:16:182:49":47,"f:182:30:182:31":13,"s:182:40:182:45":48,"s:183:16:183:35":49,"s:184:16:184:35":50,"s:185:16:185:35":51,"s:187:4:194:Infinity":52,"f:203:2:203:15":14,"s:204:20:204:41":53,"b:205:4:205:Infinity:undefined:undefined:undefined:undefined":21,"s:205:4:205:Infinity":54,"s:205:30:205:Infinity":55,"s:207:19:207:68":56,"f:207:31:207:32":15,"s:207:38:207:45":57,"f:207:52:207:53":16,"s:207:62:207:67":58,"s:208:18:208:64":59,"s:209:4:209:Infinity":60,"b:209:11:209:24:209:28:209:29":22,"f:215:2:215:7":17,"s:216:4:216:Infinity":61,"s:217:4:217:Infinity":62,"s:218:4:218:Infinity":63,"f:225:2:225:8":18,"s:226:4:230:Infinity":64,"f:237:2:237:12":19,"s:238:24:238:69":65,"f:238:53:238:54":20,"s:238:60:238:66":66,"s:239:20:239:22":67,"s:241:4:243:Infinity":68,"s:242:6:242:Infinity":69,"s:245:4:250:Infinity":70,"f:256:2:256:8":21,"s:257:4:257:Infinity":71,"f:263:2:263:9":22,"s:264:4:264:Infinity":72,"f:276:9:276:28":23,"b:277:4:277:Infinity:undefined:undefined:undefined:undefined":23,"s:277:4:277:Infinity":73,"s:277:29:277:Infinity":74,"s:279:19:279:37":75,"s:280:4:285:Infinity":76,"f:292:9:292:22":24,"b:293:4:293:Infinity:undefined:undefined:undefined:undefined":24,"s:293:4:293:Infinity":77,"s:293:29:293:Infinity":78,"s:295:4:300:Infinity":79,"f:308:9:308:26":25,"b:308:34:308:38":25,"s:309:20:309:60":80,"b:311:4:313:Infinity:undefined:undefined:undefined:undefined":26,"s:311:4:313:Infinity":81,"s:312:6:312:Infinity":82,"f:312:28:312:29":26,"s:312:35:312:59":83,"s:315:4:315:Infinity":84,"f:323:9:323:16":27,"s:324:18:324:60":85,"s:325:4:325:Infinity":86,"b:325:11:325:19:325:23:325:27":27,"f:332:9:332:13":28,"s:333:4:333:Infinity":87,"f:343:9:343:16":29,"s:344:4:344:Infinity":88,"s:345:20:345:68":89,"s:346:4:346:Infinity":90,"b:346:21:346:37:346:40:346:41":28,"f:352:9:352:14":30,"s:353:4:353:Infinity":91,"s:354:4:354:Infinity":92,"s:355:4:355:Infinity":93,"f:363:2:363:13":31,"b:363:27:363:29":29,"s:364:4:364:Infinity":94,"s:365:4:365:Infinity":95,"s:366:4:366:Infinity":96,"s:367:4:367:Infinity":97,"s:368:4:368:Infinity":98,"f:374:2:374:7":32,"b:375:4:375:Infinity:undefined:undefined:undefined:undefined":30,"s:375:4:375:Infinity":99,"s:375:22:375:Infinity":100,"s:377:4:377:Infinity":101,"s:378:4:378:Infinity":102,"s:379:4:379:Infinity":103,"f:385:2:385:6":33,"s:386:4:386:Infinity":104,"b:387:4:390:Infinity:undefined:undefined:undefined:undefined":31,"s:387:4:390:Infinity":105,"s:388:6:388:Infinity":106,"s:389:6:389:Infinity":107,"f:397:2:397:6":34,"b:398:4:398:Infinity:undefined:undefined:undefined:undefined":32,"s:398:4:398:Infinity":108,"s:398:23:398:Infinity":109,"s:400:16:400:33":110,"s:401:18:401:42":111,"s:402:4:402:Infinity":112,"s:404:16:404:28":113,"s:405:4:405:Infinity":114,"b:407:4:409:Infinity:undefined:undefined:undefined:undefined":33,"s:407:4:409:Infinity":115,"s:408:6:408:Infinity":116,"s:411:4:411:Infinity":117,"f:411:39:411:40":35,"s:411:45:411:56":118,"f:418:2:418:8":36,"b:419:4:419:Infinity:undefined:undefined:undefined:undefined":34,"s:419:4:419:Infinity":119,"s:419:34:419:Infinity":120,"s:420:4:420:Infinity":121,"f:427:2:427:15":37,"b:428:4:428:Infinity:undefined:undefined:undefined:undefined":35,"s:428:4:428:Infinity":122,"s:428:34:428:Infinity":123,"s:429:16:429:54":124,"f:429:35:429:36":38,"s:429:45:429:50":125,"s:430:4:430:Infinity":126,"f:437:2:437:11":39,"b:438:4:438:Infinity:undefined:undefined:undefined:undefined":36,"s:438:4:438:Infinity":127,"s:438:34:438:Infinity":128,"s:439:4:439:Infinity":129,"s:444:29:446:2":130}}}
,"/Users/nick.peterson/Developer/chat-juicer/electron/renderer/viewmodels/message-viewmodel.js": {"path":"/Users/nick.peterson/Developer/chat-juicer/electron/renderer/viewmodels/message-viewmodel.js","statementMap":{"0":{"start":{"line":26,"column":2},"end":{"line":28,"column":null}},"1":{"start":{"line":27,"column":4},"end":{"line":27,"column":null}},"2":{"start":{"line":30,"column":2},"end":{"line":40,"column":null}},"3":{"start":{"line":31,"column":22},"end":{"line":38,"column":29}},"4":{"start":{"line":33,"column":8},"end":{"line":33,"column":null}},"5":{"start":{"line":33,"column":38},"end":{"line":33,"column":null}},"6":{"start":{"line":34,"column":8},"end":{"line":34,"column":null}},"7":{"start":{"line":34,"column":24},"end":{"line":34,"column":null}},"8":{"start":{"line":35,"column":8},"end":{"line":35,"column":null}},"9":{"start":{"line":35,"column":26},"end":{"line":35,"column":null}},"10":{"start":{"line":36,"column":8},"end":{"line":36,"column":null}},"11":{"start":{"line":38,"column":24},"end":{"line":38,"column":28}},"12":{"start":{"line":39,"column":4},"end":{"line":39,"column":null}},"13":{"start":{"line":43,"column":2},"end":{"line":43,"column":null}},"14":{"start":{"line":61,"column":15},"end":{"line":61,"column":38}},"15":{"start":{"line":62,"column":18},"end":{"line":62,"column":50}},"16":{"start":{"line":64,"column":2},"end":{"line":64,"column":null}},"17":{"start":{"line":96,"column":15},"end":{"line":96,"column":38}},"18":{"start":{"line":97,"column":18},"end":{"line":97,"column":50}},"19":{"start":{"line":98,"column":20},"end":{"line":98,"column":86}},"20":{"start":{"line":101,"column":22},"end":{"line":101,"column":75}},"21":{"start":{"line":104,"column":23},"end":{"line":109,"column":3}},"22":{"start":{"line":111,"column":22},"end":{"line":111,"column":46}},"23":{"start":{"line":114,"column":26},"end":{"line":122,"column":3}},"24":{"start":{"line":124,"column":25},"end":{"line":124,"column":75}},"25":{"start":{"line":126,"column":2},"end":{"line":133,"column":null}},"26":{"start":{"line":152,"column":2},"end":{"line":154,"column":null}},"27":{"start":{"line":153,"column":4},"end":{"line":153,"column":null}},"28":{"start":{"line":156,"column":2},"end":{"line":156,"column":null}},"29":{"start":{"line":177,"column":2},"end":{"line":179,"column":null}},"30":{"start":{"line":178,"column":4},"end":{"line":178,"column":null}},"31":{"start":{"line":181,"column":16},"end":{"line":186,"column":3}},"32":{"start":{"line":188,"column":2},"end":{"line":197,"column":null}},"33":{"start":{"line":189,"column":20},"end":{"line":189,"column":52}},"34":{"start":{"line":190,"column":4},"end":{"line":190,"column":null}},"35":{"start":{"line":192,"column":4},"end":{"line":196,"column":null}},"36":{"start":{"line":193,"column":6},"end":{"line":193,"column":null}},"37":{"start":{"line":194,"column":11},"end":{"line":196,"column":null}},"38":{"start":{"line":195,"column":6},"end":{"line":195,"column":null}},"39":{"start":{"line":199,"column":2},"end":{"line":199,"column":null}},"40":{"start":{"line":218,"column":2},"end":{"line":220,"column":null}},"41":{"start":{"line":219,"column":4},"end":{"line":219,"column":null}},"42":{"start":{"line":222,"column":2},"end":{"line":224,"column":null}},"43":{"start":{"line":223,"column":4},"end":{"line":223,"column":null}},"44":{"start":{"line":226,"column":2},"end":{"line":228,"column":null}},"45":{"start":{"line":227,"column":4},"end":{"line":227,"column":null}},"46":{"start":{"line":231,"column":24},"end":{"line":231,"column":56}},"47":{"start":{"line":232,"column":2},"end":{"line":234,"column":null}},"48":{"start":{"line":233,"column":4},"end":{"line":233,"column":null}},"49":{"start":{"line":236,"column":23},"end":{"line":236,"column":63}},"50":{"start":{"line":237,"column":2},"end":{"line":239,"column":null}},"51":{"start":{"line":238,"column":4},"end":{"line":238,"column":null}},"52":{"start":{"line":241,"column":2},"end":{"line":241,"column":null}},"53":{"start":{"line":256,"column":17},"end":{"line":256,"column":45}},"54":{"start":{"line":258,"column":2},"end":{"line":260,"column":null}},"55":{"start":{"line":259,"column":4},"end":{"line":259,"column":null}},"56":{"start":{"line":262,"column":2},"end":{"line":262,"column":null}}},"fnMap":{"0":{"name":"parseMessageContent","decl":{"start":{"line":25,"column":16},"end":{"line":25,"column":35}},"loc":{"start":{"line":25,"column":45},"end":{"line":44,"column":null}},"line":25},"1":{"name":"(anonymous_1)","decl":{"start":{"line":32,"column":11},"end":{"line":32,"column":12}},"loc":{"start":{"line":32,"column":21},"end":{"line":37,"column":7}},"line":32},"2":{"name":"(anonymous_2)","decl":{"start":{"line":38,"column":14},"end":{"line":38,"column":15}},"loc":{"start":{"line":38,"column":24},"end":{"line":38,"column":28}},"line":38},"3":{"name":"shouldDisplayMessage","decl":{"start":{"line":60,"column":16},"end":{"line":60,"column":36}},"loc":{"start":{"line":60,"column":42},"end":{"line":65,"column":null}},"line":60},"4":{"name":"createMessageViewModel","decl":{"start":{"line":95,"column":16},"end":{"line":95,"column":38}},"loc":{"start":{"line":95,"column":44},"end":{"line":134,"column":null}},"line":95},"5":{"name":"createMessageListViewModel","decl":{"start":{"line":151,"column":16},"end":{"line":151,"column":42}},"loc":{"start":{"line":151,"column":53},"end":{"line":157,"column":null}},"line":151},"6":{"name":"calculateMessageStats","decl":{"start":{"line":176,"column":16},"end":{"line":176,"column":37}},"loc":{"start":{"line":176,"column":48},"end":{"line":200,"column":null}},"line":176},"7":{"name":"validateMessage","decl":{"start":{"line":217,"column":16},"end":{"line":217,"column":31}},"loc":{"start":{"line":217,"column":37},"end":{"line":242,"column":null}},"line":217},"8":{"name":"truncateMessageContent","decl":{"start":{"line":255,"column":16},"end":{"line":255,"column":38}},"loc":{"start":{"line":255,"column":65},"end":{"line":263,"column":null}},"line":255}},"branchMap":{"0":{"loc":{"start":{"line":26,"column":2},"end":{"line":28,"column":null}},"type":"if","locations":[{"start":{"line":26,"column":2},"end":{"line":28,"column":null}},{"start":{},"end":{}}],"line":26},"1":{"loc":{"start":{"line":30,"column":2},"end":{"line":40,"column":null}},"type":"if","locations":[{"start":{"line":30,"column":2},"end":{"line":40,"column":null}},{"start":{},"end":{}}],"line":30},"2":{"loc":{"start":{"line":33,"column":8},"end":{"line":33,"column":null}},"type":"if","locations":[{"start":{"line":33,"column":8},"end":{"line":33,"column":null}},{"start":{},"end":{}}],"line":33},"3":{"loc":{"start":{"line":34,"column":8},"end":{"line":34,"column":null}},"type":"if","locations":[{"start":{"line":34,"column":8},"end":{"line":34,"column":null}},{"start":{},"end":{}}],"line":34},"4":{"loc":{"start":{"line":35,"column":8},"end":{"line":35,"column":null}},"type":"if","locations":[{"start":{"line":35,"column":8},"end":{"line":35,"column":null}},{"start":{},"end":{}}],"line":35},"5":{"loc":{"start":{"line":61,"column":15},"end":{"line":61,"column":38}},"type":"binary-expr","locations":[{"start":{"line":61,"column":15},"end":{"line":61,"column":23}},{"start":{"line":61,"column":27},"end":{"line":61,"column":38}}],"line":61},"6":{"loc":{"start":{"line":64,"column":9},"end":{"line":64,"column":90}},"type":"binary-expr","locations":[{"start":{"line":64,"column":10},"end":{"line":64,"column":25}},{"start":{"line":64,"column":29},"end":{"line":64,"column":49}},{"start":{"line":64,"column":54},"end":{"line":64,"column":61}},{"start":{"line":64,"column":65},"end":{"line":64,"column":90}}],"line":64},"7":{"loc":{"start":{"line":96,"column":15},"end":{"line":96,"column":38}},"type":"binary-expr","locations":[{"start":{"line":96,"column":15},"end":{"line":96,"column":23}},{"start":{"line":96,"column":27},"end":{"line":96,"column":38}}],"line":96},"8":{"loc":{"start":{"line":111,"column":22},"end":{"line":111,"column":46}},"type":"binary-expr","locations":[{"start":{"line":111,"column":22},"end":{"line":111,"column":40}},{"start":{"line":111,"column":44},"end":{"line":111,"column":46}}],"line":111},"9":{"loc":{"start":{"line":124,"column":25},"end":{"line":124,"column":75}},"type":"binary-expr","locations":[{"start":{"line":124,"column":25},"end":{"line":124,"column":46}},{"start":{"line":124,"column":50},"end":{"line":124,"column":75}}],"line":124},"10":{"loc":{"start":{"line":152,"column":2},"end":{"line":154,"column":null}},"type":"if","locations":[{"start":{"line":152,"column":2},"end":{"line":154,"column":null}},{"start":{},"end":{}}],"line":152},"11":{"loc":{"start":{"line":177,"column":2},"end":{"line":179,"column":null}},"type":"if","locations":[{"start":{"line":177,"column":2},"end":{"line":179,"column":null}},{"start":{},"end":{}}],"line":177},"12":{"loc":{"start":{"line":192,"column":4},"end":{"line":196,"column":null}},"type":"if","locations":[{"start":{"line":192,"column":4},"end":{"line":196,"column":null}},{"start":{"line":194,"column":11},"end":{"line":196,"column":null}}],"line":192},"13":{"loc":{"start":{"line":194,"column":11},"end":{"line":196,"column":null}},"type":"if","locations":[{"start":{"line":194,"column":11},"end":{"line":196,"column":null}},{"start":{},"end":{}}],"line":194},"14":{"loc":{"start":{"line":218,"column":2},"end":{"line":220,"column":null}},"type":"if","locations":[{"start":{"line":218,"column":2},"end":{"line":220,"column":null}},{"start":{},"end":{}}],"line":218},"15":{"loc":{"start":{"line":218,"column":6},"end":{"line":218,"column":37}},"type":"binary-expr","locations":[{"start":{"line":218,"column":6},"end":{"line":218,"column":10}},{"start":{"line":218,"column":14},"end":{"line":218,"column":37}}],"line":218},"16":{"loc":{"start":{"line":222,"column":2},"end":{"line":224,"column":null}},"type":"if","locations":[{"start":{"line":222,"column":2},"end":{"line":224,"column":null}},{"start":{},"end":{}}],"line":222},"17":{"loc":{"start":{"line":226,"column":2},"end":{"line":228,"column":null}},"type":"if","locations":[{"start":{"line":226,"column":2},"end":{"line":228,"column":null}},{"start":{},"end":{}}],"line":226},"18":{"loc":{"start":{"line":226,"column":6},"end":{"line":226,"column":55}},"type":"binary-expr","locations":[{"start":{"line":226,"column":6},"end":{"line":226,"column":31}},{"start":{"line":226,"column":35},"end":{"line":226,"column":55}}],"line":226},"19":{"loc":{"start":{"line":232,"column":2},"end":{"line":234,"column":null}},"type":"if","locations":[{"start":{"line":232,"column":2},"end":{"line":234,"column":null}},{"start":{},"end":{}}],"line":232},"20":{"loc":{"start":{"line":232,"column":6},"end":{"line":232,"column":70}},"type":"binary-expr","locations":[{"start":{"line":232,"column":6},"end":{"line":232,"column":39}},{"start":{"line":232,"column":43},"end":{"line":232,"column":70}}],"line":232},"21":{"loc":{"start":{"line":237,"column":2},"end":{"line":239,"column":null}},"type":"if","locations":[{"start":{"line":237,"column":2},"end":{"line":239,"column":null}},{"start":{},"end":{}}],"line":237},"22":{"loc":{"start":{"line":255,"column":48},"end":{"line":255,"column":63}},"type":"default-arg","locations":[{"start":{"line":255,"column":60},"end":{"line":255,"column":63}}],"line":255},"23":{"loc":{"start":{"line":258,"column":2},"end":{"line":260,"column":null}},"type":"if","locations":[{"start":{"line":258,"column":2},"end":{"line":260,"column":null}},{"start":{},"end":{}}],"line":258}},"s":{"0":89,"1":77,"2":12,"3":9,"4":16,"5":1,"6":15,"7":12,"8":3,"9":2,"10":1,"11":16,"12":9,"13":3,"14":15,"15":15,"16":15,"17":33,"18":33,"19":33,"20":33,"21":33,"22":33,"23":33,"24":33,"25":33,"26":7,"27":3,"28":4,"29":7,"30":2,"31":5,"32":5,"33":11,"34":11,"35":11,"36":4,"37":7,"38":3,"39":5,"40":21,"41":2,"42":19,"43":1,"44":18,"45":3,"46":15,"47":15,"48":3,"49":12,"50":12,"51":1,"52":11,"53":8,"54":8,"55":4,"56":4},"f":{"0":89,"1":16,"2":16,"3":15,"4":33,"5":7,"6":7,"7":21,"8":8},"b":{"0":[77,12],"1":[9,3],"2":[1,15],"3":[12,3],"4":[2,1],"5":[15,1],"6":[15,8,13,11],"7":[33,1],"8":[33,1],"9":[33,1],"10":[3,4],"11":[2,5],"12":[4,7],"13":[3,4],"14":[2,19],"15":[21,20],"16":[1,18],"17":[3,15],"18":[18,16],"19":[3,12],"20":[15,15],"21":[1,11],"22":[8],"23":[4,4]},"meta":{"lastBranch":24,"lastFunction":9,"lastStatement":57,"seen":{"f:25:16:25:35":0,"b:26:2:28:Infinity:undefined:undefined:undefined:undefined":0,"s:26:2:28:Infinity":0,"s:27:4:27:Infinity":1,"b:30:2:40:Infinity:undefined:undefined:undefined:undefined":1,"s:30:2:40:Infinity":2,"s:31:22:38:29":3,"f:32:11:32:12":1,"b:33:8:33:Infinity:undefined:undefined:undefined:undefined":2,"s:33:8:33:Infinity":4,"s:33:38:33:Infinity":5,"b:34:8:34:Infinity:undefined:undefined:undefined:undefined":3,"s:34:8:34:Infinity":6,"s:34:24:34:Infinity":7,"b:35:8:35:Infinity:undefined:undefined:undefined:undefined":4,"s:35:8:35:Infinity":8,"s:35:26:35:Infinity":9,"s:36:8:36:Infinity":10,"f:38:14:38:15":2,"s:38:24:38:28":11,"s:39:4:39:Infinity":12,"s:43:2:43:Infinity":13,"f:60:16:60:36":3,"s:61:15:61:38":14,"b:61:15:61:23:61:27:61:38":5,"s:62:18:62:50":15,"s:64:2:64:Infinity":16,"b:64:10:64:25:64:29:64:49:64:54:64:61:64:65:64:90":6,"f:95:16:95:38":4,"s:96:15:96:38":17,"b:96:15:96:23:96:27:96:38":7,"s:97:18:97:50":18,"s:98:20:98:86":19,"s:101:22:101:75":20,"s:104:23:109:3":21,"s:111:22:111:46":22,"b:111:22:111:40:111:44:111:46":8,"s:114:26:122:3":23,"s:124:25:124:75":24,"b:124:25:124:46:124:50:124:75":9,"s:126:2:133:Infinity":25,"f:151:16:151:42":5,"b:152:2:154:Infinity:undefined:undefined:undefined:undefined":10,"s:152:2:154:Infinity":26,"s:153:4:153:Infinity":27,"s:156:2:156:Infinity":28,"f:176:16:176:37":6,"b:177:2:179:Infinity:undefined:undefined:undefined:undefined":11,"s:177:2:179:Infinity":29,"s:178:4:178:Infinity":30,"s:181:16:186:3":31,"s:188:2:197:Infinity":32,"s:189:20:189:52":33,"s:190:4:190:Infinity":34,"b:192:4:196:Infinity:194:11:196:Infinity":12,"s:192:4:196:Infinity":35,"s:193:6:193:Infinity":36,"b:194:11:196:Infinity:undefined:undefined:undefined:undefined":13,"s:194:11:196:Infinity":37,"s:195:6:195:Infinity":38,"s:199:2:199:Infinity":39,"f:217:16:217:31":7,"b:218:2:220:Infinity:undefined:undefined:undefined:undefined":14,"s:218:2:220:Infinity":40,"b:218:6:218:10:218:14:218:37":15,"s:219:4:219:Infinity":41,"b:222:2:224:Infinity:undefined:undefined:undefined:undefined":16,"s:222:2:224:Infinity":42,"s:223:4:223:Infinity":43,"b:226:2:228:Infinity:undefined:undefined:undefined:undefined":17,"s:226:2:228:Infinity":44,"b:226:6:226:31:226:35:226:55":18,"s:227:4:227:Infinity":45,"s:231:24:231:56":46,"b:232:2:234:Infinity:undefined:undefined:undefined:undefined":19,"s:232:2:234:Infinity":47,"b:232:6:232:39:232:43:232:70":20,"s:233:4:233:Infinity":48,"s:236:23:236:63":49,"b:237:2:239:Infinity:undefined:undefined:undefined:undefined":21,"s:237:2:239:Infinity":50,"s:238:4:238:Infinity":51,"s:241:2:241:Infinity":52,"f:255:16:255:38":8,"b:255:60:255:63":22,"s:256:17:256:45":53,"b:258:2:260:Infinity:undefined:undefined:undefined:undefined":23,"s:258:2:260:Infinity":54,"s:259:4:259:Infinity":55,"s:262:2:262:Infinity":56}}}
}
